daycon-xgb-gpu  | [I 2026-04-19 08:10:14,454] Trial 39 finished with value: 9.112425464702216 and parameters: {'n_estimators': 4500, 'learning_rate': 0.031813607282059654, 'max_depth': 8, 'min_child_weight': 1.8258865389284302, 'subsample': 0.8443038647599728, 'colsample_bytree': 0.7815806411968363, 'reg_alpha': 0.06822775329926274, 'reg_lambda': 0.004161007917184351, 'gamma': 4.537033387197971, 'max_bin': 320}. Best is trial 25 with value: 9.097088118353373.
daycon-xgb-gpu  | 
daycon-xgb-gpu  | ==============================
daycon-xgb-gpu  | Best trial score: 9.097088
daycon-xgb-gpu  | Best params:
daycon-xgb-gpu  |   n_estimators: 4750
daycon-xgb-gpu  |   learning_rate: 0.015195512573010961
daycon-xgb-gpu  |   max_depth: 8
daycon-xgb-gpu  |   min_child_weight: 2.078876754466774
daycon-xgb-gpu  |   subsample: 0.8895052586360735
daycon-xgb-gpu  |   colsample_bytree: 0.7393599156400243
daycon-xgb-gpu  |   reg_alpha: 0.023149120521554965
daycon-xgb-gpu  |   reg_lambda: 0.018556641301273342
daycon-xgb-gpu  |   gamma: 3.0629788190888187
daycon-xgb-gpu  |   max_bin: 320
daycon-xgb-gpu  | ==============================
daycon-xgb-gpu  | 
daycon-xgb-gpu  | ========== Fold 1 ==========
daycon-xgb-gpu  | [0]   validation_0-mae:0.86328
daycon-xgb-gpu  | [100] validation_0-mae:0.51202
daycon-xgb-gpu  | [200] validation_0-mae:0.48248
daycon-xgb-gpu  | [300] validation_0-mae:0.47975
daycon-xgb-gpu  | [400] validation_0-mae:0.47947
daycon-xgb-gpu  | [500] validation_0-mae:0.47930
daycon-xgb-gpu  | [600] validation_0-mae:0.47921
daycon-xgb-gpu  | [691] validation_0-mae:0.47917
daycon-xgb-gpu  | Fold 1 MAE : 8.740878
daycon-xgb-gpu  | Fold 1 RMSE: 21.284420
daycon-xgb-gpu  | 
daycon-xgb-gpu  | ========== Fold 2 ==========
daycon-xgb-gpu  | [0]   validation_0-mae:0.87061
daycon-xgb-gpu  | [100] validation_0-mae:0.51469
daycon-xgb-gpu  | [200] validation_0-mae:0.48439
daycon-xgb-gpu  | [300] validation_0-mae:0.48128
daycon-xgb-gpu  | [400] validation_0-mae:0.48090
daycon-xgb-gpu  | [500] validation_0-mae:0.48074
daycon-xgb-gpu  | [600] validation_0-mae:0.48069
daycon-xgb-gpu  | [612] validation_0-mae:0.48068
daycon-xgb-gpu  | Fold 2 MAE : 9.010179
daycon-xgb-gpu  | Fold 2 RMSE: 22.631721
daycon-xgb-gpu  | 
daycon-xgb-gpu  | ========== Fold 3 ==========
daycon-xgb-gpu  | [0]   validation_0-mae:0.87279
daycon-xgb-gpu  | [100] validation_0-mae:0.52129
daycon-xgb-gpu  | [200] validation_0-mae:0.49246
daycon-xgb-gpu  | [300] validation_0-mae:0.48954
daycon-xgb-gpu  | [400] validation_0-mae:0.48898
daycon-xgb-gpu  | [500] validation_0-mae:0.48894
daycon-xgb-gpu  | [576] validation_0-mae:0.48890
daycon-xgb-gpu  | Fold 3 MAE : 9.238119
daycon-xgb-gpu  | Fold 3 RMSE: 25.071889
daycon-xgb-gpu  | 
daycon-xgb-gpu  | ========== Fold 4 ==========
daycon-xgb-gpu  | [0]   validation_0-mae:0.87101
daycon-xgb-gpu  | [100] validation_0-mae:0.51763
daycon-xgb-gpu  | [200] validation_0-mae:0.48880
daycon-xgb-gpu  | [300] validation_0-mae:0.48617
daycon-xgb-gpu  | [400] validation_0-mae:0.48589
daycon-xgb-gpu  | [500] validation_0-mae:0.48574
daycon-xgb-gpu  | [600] validation_0-mae:0.48562
daycon-xgb-gpu  | [700] validation_0-mae:0.48555
daycon-xgb-gpu  | [800] validation_0-mae:0.48546
daycon-xgb-gpu  | [900] validation_0-mae:0.48553
daycon-xgb-gpu  | [962] validation_0-mae:0.48555
daycon-xgb-gpu  | Fold 4 MAE : 9.219221
daycon-xgb-gpu  | Fold 4 RMSE: 23.384812
daycon-xgb-gpu  | 
daycon-xgb-gpu  | ========== Fold 5 ==========
daycon-xgb-gpu  | [0]   validation_0-mae:0.87507
daycon-xgb-gpu  | [100] validation_0-mae:0.51885
daycon-xgb-gpu  | [200] validation_0-mae:0.49000
daycon-xgb-gpu  | [300] validation_0-mae:0.48683
daycon-xgb-gpu  | [400] validation_0-mae:0.48611
daycon-xgb-gpu  | [500] validation_0-mae:0.48573
daycon-xgb-gpu  | [600] validation_0-mae:0.48540
daycon-xgb-gpu  | [700] validation_0-mae:0.48522
daycon-xgb-gpu  | [800] validation_0-mae:0.48499
daycon-xgb-gpu  | [900] validation_0-mae:0.48493
daycon-xgb-gpu  | [1000]        validation_0-mae:0.48489
daycon-xgb-gpu  | [1067]        validation_0-mae:0.48490
daycon-xgb-gpu  | Fold 5 MAE : 9.277043
daycon-xgb-gpu  | Fold 5 RMSE: 24.334724
daycon-xgb-gpu  | 
daycon-xgb-gpu  | ==============================
daycon-xgb-gpu  | CV MAE : 9.097088
daycon-xgb-gpu  | CV RMSE: 23.378833
daycon-xgb-gpu  | ==============================
daycon-xgb-gpu  | Fold 1: MAE=8.740878, RMSE=21.284420
daycon-xgb-gpu  | Fold 2: MAE=9.010179, RMSE=22.631721
daycon-xgb-gpu  | Fold 3: MAE=9.238119, RMSE=25.071889
daycon-xgb-gpu  | Fold 4: MAE=9.219221, RMSE=23.384812
daycon-xgb-gpu  | Fold 5: MAE=9.277043, RMSE=24.334724
daycon-xgb-gpu  | 
daycon-xgb-gpu  | Top 40 features:
daycon-xgb-gpu  |                         feature  importance
daycon-xgb-gpu  | 26               charging_ratio    0.416825
daycon-xgb-gpu  | 68             layout_x_density    0.083923
daycon-xgb-gpu  | 103                  robot_idle    0.052100
daycon-xgb-gpu  | 61    intersection_x_congestion    0.028646
daycon-xgb-gpu  | 58                   idle_ratio    0.025998
daycon-xgb-gpu  | 87             pack_utilization    0.023812
daycon-xgb-gpu  | 101              robot_charging    0.022426
daycon-xgb-gpu  | 76             max_zone_density    0.015556
daycon-xgb-gpu  | 83       order_per_pack_station    0.013406
daycon-xgb-gpu  | 40         dispersion_x_density    0.013333
daycon-xgb-gpu  | 32             congestion_score    0.010039
daycon-xgb-gpu  | 38             delay_risk_proxy    0.008193
daycon-xgb-gpu  | 39            dense_layout_flag    0.007701
daycon-xgb-gpu  | 27   charging_robot_per_charger    0.007099
daycon-xgb-gpu  | 53           high_charging_flag    0.006822
daycon-xgb-gpu  | 17         battery_x_congestion    0.004795
daycon-xgb-gpu  | 0                  active_ratio    0.004719
daycon-xgb-gpu  | 65           layout_compactness    0.004680
daycon-xgb-gpu  | 73            low_battery_ratio    0.004617
daycon-xgb-gpu  | 86           pack_station_count    0.004505
daycon-xgb-gpu  | 99                 robot_active    0.004171
daycon-xgb-gpu  | 81       order_per_active_robot    0.003798
daycon-xgb-gpu  | 131             zone_dispersion    0.003755
daycon-xgb-gpu  | 11            avg_trip_distance    0.003554
daycon-xgb-gpu  | 25            charging_pressure    0.003519
daycon-xgb-gpu  | 117          te_mean__layout_id    0.003360
daycon-xgb-gpu  | 54         high_congestion_flag    0.003287
daycon-xgb-gpu  | 111           sku_concentration    0.003229
daycon-xgb-gpu  | 104                 robot_total    0.003206
daycon-xgb-gpu  | 33         congestion_x_density    0.003184
daycon-xgb-gpu  | 108                 scenario_id    0.003178
daycon-xgb-gpu  | 4               aisle_width_avg    0.003117
daycon-xgb-gpu  | 119        te_mean__layout_type    0.003113
daycon-xgb-gpu  | 48               floor_area_sqm    0.003108
daycon-xgb-gpu  | 42         emergency_exit_count    0.003077
daycon-xgb-gpu  | 19           building_age_years    0.003071
daycon-xgb-gpu  | 24                charger_count    0.003059
daycon-xgb-gpu  | 77           near_collision_15m    0.003056
daycon-xgb-gpu  | 21             ceiling_height_m    0.003052
daycon-xgb-gpu  | 59           intersection_count    0.003036
daycon-xgb-gpu  | 
daycon-xgb-gpu  | Saved: submission_xgb_improved.csv
daycon-xgb-gpu  | Saved: feature_importance_xgb_improved.csv
daycon-xgb-gpu  | Saved: oof_predictions_xgb_improved.csv
daycon-xgb-gpu  | Saved: oof_layout_mae.csv
daycon-xgb-gpu  | Saved: oof_scenario_mae.csv
daycon-xgb-gpu  | 
daycon-xgb-gpu  | ===== sanity check =====
daycon-xgb-gpu  | y_raw stats
daycon-xgb-gpu  | count    250000.000000
daycon-xgb-gpu  | mean         18.962296
daycon-xgb-gpu  | std          27.351374
daycon-xgb-gpu  | min           0.000000
daycon-xgb-gpu  | 25%           4.278801
daycon-xgb-gpu  | 50%           9.032652
daycon-xgb-gpu  | 75%          25.791869
daycon-xgb-gpu  | max         715.858119
daycon-xgb-gpu  | Name: avg_delay_minutes_next_30m, dtype: float64
daycon-xgb-gpu  | 
daycon-xgb-gpu  | oof_pred stats
daycon-xgb-gpu  | count    250000.000000
daycon-xgb-gpu  | mean         14.691415
daycon-xgb-gpu  | std          12.508011
daycon-xgb-gpu  | min           0.000000
daycon-xgb-gpu  | 25%           4.800415
daycon-xgb-gpu  | 50%           7.959322
daycon-xgb-gpu  | 75%          28.441859
daycon-xgb-gpu  | max          83.547141
daycon-xgb-gpu  | dtype: float64
daycon-xgb-gpu  | 
daycon-xgb-gpu  | test_pred stats
daycon-xgb-gpu  | count    50000.000000
daycon-xgb-gpu  | mean        16.733632
daycon-xgb-gpu  | std         12.240092
daycon-xgb-gpu  | min          0.124184
daycon-xgb-gpu  | 25%          5.144897
daycon-xgb-gpu  | 50%         12.126407
daycon-xgb-gpu  | 75%         29.477649
daycon-xgb-gpu  | max         56.895451
daycon-xgb-gpu  | dtype: float64
daycon-xgb-gpu exited with code 0
