docker compose up
WARN[0000] No services to build                         
WARN[0000] Found orphan containers ([daycon-lgbm-gpu]) for this project. If you removed or renamed this service in your compose file, you can run this command with the --remove-orphans flag to clean it up. 
Attaching to daycon-xgb-gpu
daycon-xgb-gpu  | 
daycon-xgb-gpu  | ==========
daycon-xgb-gpu  | == CUDA ==
daycon-xgb-gpu  | ==========
daycon-xgb-gpu  | 
daycon-xgb-gpu  | CUDA Version 12.8.1
daycon-xgb-gpu  | 
daycon-xgb-gpu  | Container image Copyright (c) 2016-2023, NVIDIA CORPORATION & AFFILIATES. All rights reserved.
daycon-xgb-gpu  | 
daycon-xgb-gpu  | This container image and its contents are governed by the NVIDIA Deep Learning Container License.
daycon-xgb-gpu  | By pulling and using the container, you accept the terms and conditions of this license:
daycon-xgb-gpu  | https://developer.nvidia.com/ngc/nvidia-deep-learning-container-license
daycon-xgb-gpu  | 
daycon-xgb-gpu  | A copy of this license is made available in this container at /NGC-DL-CONTAINER-LICENSE for your convenience.
daycon-xgb-gpu  | 
daycon-xgb-gpu  | train shape: (250000, 94)
daycon-xgb-gpu  | test shape : (50000, 93)
daycon-xgb-gpu  | layout shape: (300, 15)
daycon-xgb-gpu  | after merge - train: (250000, 108)
daycon-xgb-gpu  | after merge - test : (50000, 107)
daycon-xgb-gpu  | [flag] high_charging_flag threshold   : 0.714286
daycon-xgb-gpu  | [flag] dense_layout_flag threshold    : 0.133390
daycon-xgb-gpu  | [flag] high_congestion_flag threshold : 33.670000
daycon-xgb-gpu  | [flag] heavy_load_flag threshold      : 18.999992
daycon-xgb-gpu  | after feature engineering - train: (250000, 145)
daycon-xgb-gpu  | after feature engineering - test : (50000, 144)
daycon-xgb-gpu  | derived feature mode: core_plus
daycon-xgb-gpu  | kept derived features (23): ['charging_ratio', 'layout_x_density', 'idle_ratio', 'intersection_x_congestion', 'order_per_pack_station', 'charging_pressure', 'dispersion_x_density', 'order_per_active_robot', 'active_ratio', 'battery_x_congestion', 'utilization_gap', 'congestion_x_density', 'idle_minus_active', 'high_charging_flag', 'dense_layout_flag', 'high_congestion_flag', 'heavy_load_flag', 'charging_robot_per_charger', 'order_per_charger', 'queue_pressure', 'delay_risk_proxy', 'charging_x_congestion_flag', 'load_x_dense_layout_flag']
daycon-xgb-gpu  | dropped derived features (14): ['collision_x_density', 'blocked_x_congestion', 'blocked_x_collision', 'fault_x_congestion', 'fault_x_density', 'order_per_robot', 'sku_per_order', 'battery_risk_score', 'trip_x_recovery', 'idle_plus_charging', 'idle_robot_per_charger', 'idle_x_high_charging_flag', 'charging_x_dense_layout', 'congestion_x_heavy_load']
daycon-xgb-gpu  | num features before TE: 129
daycon-xgb-gpu  | target transform: log1p
daycon-xgb-gpu  | added OOF target encoding columns: ['te_mean__layout_id', 'te_mean__scenario_id', 'te_mean__layout_type', 'te_mean__layout_scenario']
daycon-xgb-gpu  | num features after TE: 133
daycon-xgb-gpu  | encoded categorical columns: ['layout_id', 'scenario_id', 'layout_type']
daycon-xgb-gpu  | 
daycon-xgb-gpu  | ==============================
daycon-xgb-gpu  | Optuna tuning start
daycon-xgb-gpu  | ==============================
daycon-xgb-gpu  | [I 2026-04-19 07:36:21,098] A new study created in memory with name: xgb_groupkfold_mae_log1p_with_te
daycon-xgb-gpu  | [I 2026-04-19 07:36:56,062] Trial 0 finished with value: 9.115388388300449 and parameters: {'n_estimators': 3500, 'learning_rate': 0.033201352533921126, 'max_depth': 9, 'min_child_weight': 3.0840190790995017, 'subsample': 0.7987222368530924, 'colsample_bytree': 0.7018392328470684, 'reg_alpha': 0.001434715951720141, 'reg_lambda': 0.0396760507705299, 'gamma': 4.603902541101231, 'max_bin': 320}. Best is trial 0 with value: 9.115388388300449.
daycon-xgb-gpu  | [I 2026-04-19 07:37:32,983] Trial 1 finished with value: 9.120988601428236 and parameters: {'n_estimators': 3000, 'learning_rate': 0.033890621397162146, 'max_depth': 9, 'min_child_weight': 1.9369520370544495, 'subsample': 0.8018189960648521, 'colsample_bytree': 0.7056766313794808, 'reg_alpha': 0.006624310605949983, 'reg_lambda': 0.0037520558551242854, 'gamma': 4.0118075652474054, 'max_bin': 256}. Best is trial 0 with value: 9.115388388300449.
daycon-xgb-gpu  | [I 2026-04-19 07:38:11,963] Trial 2 finished with value: 9.108755803467679 and parameters: {'n_estimators': 4000, 'learning_rate': 0.013932533639316444, 'max_depth': 7, 'min_child_weight': 2.3316001790371166, 'subsample': 0.8347283981060444, 'colsample_bytree': 0.7899246345950219, 'reg_alpha': 0.0034587052147518095, 'reg_lambda': 0.003489018845491387, 'gamma': 4.573450991017149, 'max_bin': 192}. Best is trial 2 with value: 9.108755803467679.
daycon-xgb-gpu  | [I 2026-04-19 07:38:47,371] Trial 3 finished with value: 9.111401304996871 and parameters: {'n_estimators': 4000, 'learning_rate': 0.01440308951866881, 'max_depth': 7, 'min_child_weight': 4.701574672845589, 'subsample': 0.8958758439689471, 'colsample_bytree': 0.7931756287363045, 'reg_alpha': 0.00663962307985946, 'reg_lambda': 0.00019634341572933326, 'gamma': 4.894815592792549, 'max_bin': 256}. Best is trial 2 with value: 9.108755803467679.
daycon-xgb-gpu  | [I 2026-04-19 07:39:16,430] Trial 4 finished with value: 9.11900336660237 and parameters: {'n_estimators': 3000, 'learning_rate': 0.020388367558414826, 'max_depth': 7, 'min_child_weight': 4.4828640660981645, 'subsample': 0.811053597792002, 'colsample_bytree': 0.7727531198095574, 'reg_alpha': 0.006939031266619744, 'reg_lambda': 0.0036324869566766076, 'gamma': 4.4134859777014785, 'max_bin': 192}. Best is trial 2 with value: 9.108755803467679.
daycon-xgb-gpu  | [I 2026-04-19 07:39:54,365] Trial 5 finished with value: 9.121125278883483 and parameters: {'n_estimators': 4750, 'learning_rate': 0.027512513113291334, 'max_depth': 9, 'min_child_weight': 4.4053200049275185, 'subsample': 0.8517479974573302, 'colsample_bytree': 0.8090623929032363, 'reg_alpha': 0.0017331598058558703, 'reg_lambda': 0.0003872118032174585, 'gamma': 2.6582955111868833, 'max_bin': 256}. Best is trial 2 with value: 9.108755803467679.
daycon-xgb-gpu  | [I 2026-04-19 07:41:02,645] Trial 6 finished with value: 9.115689637866206 and parameters: {'n_estimators': 3750, 'learning_rate': 0.016044560627522384, 'max_depth': 9, 'min_child_weight': 2.304782729073268, 'subsample': 0.8137121411624857, 'colsample_bytree': 0.7559774516421548, 'reg_alpha': 0.0024007683448156367, 'reg_lambda': 0.025502980701628937, 'gamma': 2.7609272528791977, 'max_bin': 384}. Best is trial 2 with value: 9.108755803467679.
daycon-xgb-gpu  | [I 2026-04-19 07:41:37,285] Trial 7 finished with value: 9.110786120665356 and parameters: {'n_estimators': 4500, 'learning_rate': 0.014844362216697417, 'max_depth': 7, 'min_child_weight': 4.003858378988947, 'subsample': 0.864822881261714, 'colsample_bytree': 0.7820610035257383, 'reg_alpha': 0.1206800637548396, 'reg_lambda': 0.0001667761543019791, 'gamma': 3.754630049904954, 'max_bin': 192}. Best is trial 2 with value: 9.108755803467679.
daycon-xgb-gpu  | [I 2026-04-19 07:42:06,128] Trial 8 finished with value: 9.113031867248049 and parameters: {'n_estimators': 4500, 'learning_rate': 0.023385373821620346, 'max_depth': 7, 'min_child_weight': 1.6192897599727816, 'subsample': 0.8173178786058795, 'colsample_bytree': 0.7255256650837446, 'reg_alpha': 0.0931504999849916, 'reg_lambda': 0.008178476574339543, 'gamma': 5.6052445990171424, 'max_bin': 256}. Best is trial 2 with value: 9.108755803467679.
daycon-xgb-gpu  | [I 2026-04-19 07:42:42,189] Trial 9 finished with value: 9.120974495679592 and parameters: {'n_estimators': 3000, 'learning_rate': 0.02574893859662512, 'max_depth': 9, 'min_child_weight': 2.9482966289536936, 'subsample': 0.8725160615945473, 'colsample_bytree': 0.7491313834910147, 'reg_alpha': 0.0257537352486156, 'reg_lambda': 0.0019170041589170674, 'gamma': 2.588966943604333, 'max_bin': 192}. Best is trial 2 with value: 9.108755803467679.
daycon-xgb-gpu  | [I 2026-04-19 07:44:01,226] Trial 10 finished with value: 9.106199610360907 and parameters: {'n_estimators': 4000, 'learning_rate': 0.012077283395977906, 'max_depth': 8, 'min_child_weight': 2.277467656008164, 'subsample': 0.8357986875309324, 'colsample_bytree': 0.8070730713395524, 'reg_alpha': 0.3893968682409036, 'reg_lambda': 0.0009464114674843989, 'gamma': 5.814366567365523, 'max_bin': 384}. Best is trial 10 with value: 9.106199610360907.
daycon-xgb-gpu  | [I 2026-04-19 07:45:09,808] Trial 11 finished with value: 9.110766695402216 and parameters: {'n_estimators': 4000, 'learning_rate': 0.012116844435121475, 'max_depth': 8, 'min_child_weight': 2.343208271562508, 'subsample': 0.8367256807989538, 'colsample_bytree': 0.8144833829085367, 'reg_alpha': 0.4726560181002409, 'reg_lambda': 0.0008959776724951625, 'gamma': 5.820133143160896, 'max_bin': 384}. Best is trial 10 with value: 9.106199610360907.
daycon-xgb-gpu  | [I 2026-04-19 07:46:09,888] Trial 12 finished with value: 9.10227699483527 and parameters: {'n_estimators': 4250, 'learning_rate': 0.012087562756515837, 'max_depth': 8, 'min_child_weight': 2.3630613520649204, 'subsample': 0.8423084315671607, 'colsample_bytree': 0.8190357654406193, 'reg_alpha': 0.03497830583395634, 'reg_lambda': 0.000783811055603235, 'gamma': 5.464486431860329, 'max_bin': 320}. Best is trial 12 with value: 9.10227699483527.
daycon-xgb-gpu  | [I 2026-04-19 07:47:22,886] Trial 13 finished with value: 9.10633217017014 and parameters: {'n_estimators': 4250, 'learning_rate': 0.012058210043071801, 'max_depth': 8, 'min_child_weight': 1.8460772388830495, 'subsample': 0.8492726919338651, 'colsample_bytree': 0.8198518819018527, 'reg_alpha': 0.4623796645041314, 'reg_lambda': 0.0007301240862838758, 'gamma': 5.288493598790587, 'max_bin': 320}. Best is trial 12 with value: 9.10227699483527.
daycon-xgb-gpu  | [I 2026-04-19 07:48:06,214] Trial 14 finished with value: 9.115887919238213 and parameters: {'n_estimators': 3500, 'learning_rate': 0.01848719088585329, 'max_depth': 8, 'min_child_weight': 3.462407589544503, 'subsample': 0.8298234920561512, 'colsample_bytree': 0.8000347582013088, 'reg_alpha': 0.03902192331172072, 'reg_lambda': 0.0009372204667865656, 'gamma': 5.209544912863369, 'max_bin': 384}. Best is trial 12 with value: 9.10227699483527.
daycon-xgb-gpu  | [I 2026-04-19 07:48:58,115] Trial 15 finished with value: 9.106164255213145 and parameters: {'n_estimators': 4250, 'learning_rate': 0.01689390257971294, 'max_depth': 8, 'min_child_weight': 2.5941224232837046, 'subsample': 0.7805688143583708, 'colsample_bytree': 0.7695255852779229, 'reg_alpha': 0.15616590411476533, 'reg_lambda': 0.00010614504660828873, 'gamma': 5.904248926044373, 'max_bin': 320}. Best is trial 12 with value: 9.10227699483527.
daycon-xgb-gpu  | [I 2026-04-19 07:49:44,151] Trial 16 finished with value: 9.110995853050717 and parameters: {'n_estimators': 4500, 'learning_rate': 0.017434684252104635, 'max_depth': 8, 'min_child_weight': 2.6917910373726004, 'subsample': 0.7805968968827544, 'colsample_bytree': 0.7627958297883168, 'reg_alpha': 0.11782362431801732, 'reg_lambda': 0.00010475742585650112, 'gamma': 5.996621616406562, 'max_bin': 320}. Best is trial 12 with value: 9.10227699483527.
daycon-xgb-gpu  | [I 2026-04-19 07:50:28,495] Trial 17 finished with value: 9.112513154524484 and parameters: {'n_estimators': 4750, 'learning_rate': 0.020426679384581266, 'max_depth': 8, 'min_child_weight': 3.355611141254439, 'subsample': 0.7890685163677328, 'colsample_bytree': 0.7359297570114013, 'reg_alpha': 0.046479712851369, 'reg_lambda': 0.0003246263999961901, 'gamma': 5.365648933287452, 'max_bin': 320}. Best is trial 12 with value: 9.10227699483527.
daycon-xgb-gpu  | [I 2026-04-19 07:51:23,765] Trial 18 finished with value: 9.105233510700808 and parameters: {'n_estimators': 4250, 'learning_rate': 0.016642376915134195, 'max_depth': 8, 'min_child_weight': 2.6773950192478835, 'subsample': 0.8830095854893347, 'colsample_bytree': 0.6875773476448033, 'reg_alpha': 0.01601805251215436, 'reg_lambda': 0.0003903977640210473, 'gamma': 4.9727584707508194, 'max_bin': 320}. Best is trial 12 with value: 9.10227699483527.
daycon-xgb-gpu  | [I 2026-04-19 07:52:26,450] Trial 19 finished with value: 9.102334397552188 and parameters: {'n_estimators': 4250, 'learning_rate': 0.013576486684729562, 'max_depth': 8, 'min_child_weight': 1.970347150575938, 'subsample': 0.8997774548324629, 'colsample_bytree': 0.716568629539778, 'reg_alpha': 0.01532074715067809, 'reg_lambda': 0.009369678713229794, 'gamma': 3.4044681748921795, 'max_bin': 320}. Best is trial 12 with value: 9.10227699483527.
daycon-xgb-gpu  | [I 2026-04-19 07:53:13,334] Trial 20 finished with value: 9.109304267147232 and parameters: {'n_estimators': 3750, 'learning_rate': 0.013541081325864124, 'max_depth': 8, 'min_child_weight': 1.5013132901541297, 'subsample': 0.8978998393051977, 'colsample_bytree': 0.7218973776740862, 'reg_alpha': 0.014190143168963651, 'reg_lambda': 0.012470268210484296, 'gamma': 3.4180148905095145, 'max_bin': 256}. Best is trial 12 with value: 9.10227699483527.
daycon-xgb-gpu  | [I 2026-04-19 07:53:59,850] Trial 21 finished with value: 9.104369092620358 and parameters: {'n_estimators': 4250, 'learning_rate': 0.01566068494680366, 'max_depth': 8, 'min_child_weight': 1.994062400067378, 'subsample': 0.8839733110174388, 'colsample_bytree': 0.6822160554644985, 'reg_alpha': 0.013911358238609619, 'reg_lambda': 0.009830834189784697, 'gamma': 3.1790806161539824, 'max_bin': 320}. Best is trial 12 with value: 9.10227699483527.
daycon-xgb-gpu  | [I 2026-04-19 07:54:56,563] Trial 22 finished with value: 9.106810132017378 and parameters: {'n_estimators': 4250, 'learning_rate': 0.013229559467113447, 'max_depth': 8, 'min_child_weight': 1.9325424495558232, 'subsample': 0.8831673151315664, 'colsample_bytree': 0.6841091088895023, 'reg_alpha': 0.012151508424497266, 'reg_lambda': 0.0995956756696025, 'gamma': 3.183586109701076, 'max_bin': 320}. Best is trial 12 with value: 9.10227699483527.
daycon-xgb-gpu  | [I 2026-04-19 07:55:50,010] Trial 23 finished with value: 9.103079905357454 and parameters: {'n_estimators': 4500, 'learning_rate': 0.015156639726682167, 'max_depth': 8, 'min_child_weight': 2.075701646988012, 'subsample': 0.8843725956289131, 'colsample_bytree': 0.7026535891939951, 'reg_alpha': 0.03395282691457865, 'reg_lambda': 0.009126914412968893, 'gamma': 3.1816369458633913, 'max_bin': 320}. Best is trial 12 with value: 9.10227699483527.
daycon-xgb-gpu  | [I 2026-04-19 07:56:53,447] Trial 24 finished with value: 9.109351136128634 and parameters: {'n_estimators': 4500, 'learning_rate': 0.01310513680125956, 'max_depth': 8, 'min_child_weight': 1.7302031613458548, 'subsample': 0.8661694370281241, 'colsample_bytree': 0.7072537926133204, 'reg_alpha': 0.059584084465753, 'reg_lambda': 0.002024252983621731, 'gamma': 3.7569698788898664, 'max_bin': 384}. Best is trial 12 with value: 9.10227699483527.
daycon-xgb-gpu  | [I 2026-04-19 07:57:49,807] Trial 25 finished with value: 9.097088118353373 and parameters: {'n_estimators': 4750, 'learning_rate': 0.015195512573010961, 'max_depth': 8, 'min_child_weight': 2.078876754466774, 'subsample': 0.8895052586360735, 'colsample_bytree': 0.7393599156400243, 'reg_alpha': 0.023149120521554965, 'reg_lambda': 0.018556641301273342, 'gamma': 3.0629788190888187, 'max_bin': 320}. Best is trial 25 with value: 9.097088118353373.
daycon-xgb-gpu  | [I 2026-04-19 07:58:23,088] Trial 26 finished with value: 9.115659024990995 and parameters: {'n_estimators': 4750, 'learning_rate': 0.018267464606139077, 'max_depth': 7, 'min_child_weight': 2.1060897554132727, 'subsample': 0.8997603737611348, 'colsample_bytree': 0.7453035807403338, 'reg_alpha': 0.022342671227343625, 'reg_lambda': 0.025627552488755565, 'gamma': 4.0508602298532, 'max_bin': 256}. Best is trial 25 with value: 9.097088118353373.
daycon-xgb-gpu  | [I 2026-04-19 07:59:47,603] Trial 27 finished with value: 9.113502422597847 and parameters: {'n_estimators': 4750, 'learning_rate': 0.012743277116889926, 'max_depth': 9, 'min_child_weight': 2.4926732445085626, 'subsample': 0.8568434631760724, 'colsample_bytree': 0.732789127702397, 'reg_alpha': 0.06573527947313966, 'reg_lambda': 0.005591084422484535, 'gamma': 2.9345871395113523, 'max_bin': 320}. Best is trial 25 with value: 9.097088118353373.
daycon-xgb-gpu  | [I 2026-04-19 08:00:49,565] Trial 28 finished with value: 9.104121695202382 and parameters: {'n_estimators': 3500, 'learning_rate': 0.014114368587210185, 'max_depth': 8, 'min_child_weight': 1.7433368626411003, 'subsample': 0.8903514533627495, 'colsample_bytree': 0.7216716011674702, 'reg_alpha': 0.009415301088572723, 'reg_lambda': 0.01654346851559361, 'gamma': 3.564286063517974, 'max_bin': 384}. Best is trial 25 with value: 9.097088118353373.
daycon-xgb-gpu  | [I 2026-04-19 08:01:47,597] Trial 29 finished with value: 9.115106449670222 and parameters: {'n_estimators': 3750, 'learning_rate': 0.018714633965987767, 'max_depth': 9, 'min_child_weight': 2.9656508160387847, 'subsample': 0.8736208578946321, 'colsample_bytree': 0.7140318297539945, 'reg_alpha': 0.0010305705603360271, 'reg_lambda': 0.059091560236757726, 'gamma': 4.197249808854053, 'max_bin': 320}. Best is trial 25 with value: 9.097088118353373.
daycon-xgb-gpu  | [I 2026-04-19 08:02:16,098] Trial 30 finished with value: 9.110509843548957 and parameters: {'n_estimators': 3250, 'learning_rate': 0.029459874299164666, 'max_depth': 8, 'min_child_weight': 2.183060255629285, 'subsample': 0.8702942444157442, 'colsample_bytree': 0.6932436623922636, 'reg_alpha': 0.206472581128504, 'reg_lambda': 0.001883948033376848, 'gamma': 2.893200209930794, 'max_bin': 320}. Best is trial 25 with value: 9.097088118353373.
daycon-xgb-gpu  | [I 2026-04-19 08:03:12,189] Trial 31 finished with value: 9.10478849174234 and parameters: {'n_estimators': 4500, 'learning_rate': 0.01532307338651013, 'max_depth': 8, 'min_child_weight': 2.0746341122826557, 'subsample': 0.889268796056146, 'colsample_bytree': 0.7357472859618449, 'reg_alpha': 0.026030705689971595, 'reg_lambda': 0.006104024634839894, 'gamma': 3.2224287302303813, 'max_bin': 320}. Best is trial 25 with value: 9.097088118353373.
daycon-xgb-gpu  | [I 2026-04-19 08:04:02,963] Trial 32 finished with value: 9.112932230524308 and parameters: {'n_estimators': 4500, 'learning_rate': 0.014761908581331924, 'max_depth': 8, 'min_child_weight': 1.751509768884474, 'subsample': 0.8807708834093868, 'colsample_bytree': 0.6972864618804772, 'reg_alpha': 0.037196682508009796, 'reg_lambda': 0.018877871729554064, 'gamma': 3.4244481159686124, 'max_bin': 320}. Best is trial 25 with value: 9.097088118353373.
daycon-xgb-gpu  | [I 2026-04-19 08:05:18,911] Trial 33 finished with value: 9.103400376921256 and parameters: {'n_estimators': 4750, 'learning_rate': 0.01277832614330511, 'max_depth': 8, 'min_child_weight': 2.4730716798129353, 'subsample': 0.8929596669709082, 'colsample_bytree': 0.7086121130333479, 'reg_alpha': 0.024094159628522457, 'reg_lambda': 0.048437092908898215, 'gamma': 3.020511385036159, 'max_bin': 320}. Best is trial 25 with value: 9.097088118353373.
daycon-xgb-gpu  | [I 2026-04-19 08:06:18,948] Trial 34 finished with value: 9.106878188030162 and parameters: {'n_estimators': 4250, 'learning_rate': 0.013903878136829795, 'max_depth': 8, 'min_child_weight': 1.8872018262936658, 'subsample': 0.8251278885082861, 'colsample_bytree': 0.7170024372983689, 'reg_alpha': 0.003993070735821687, 'reg_lambda': 0.00583730310004441, 'gamma': 3.869653910871633, 'max_bin': 256}. Best is trial 25 with value: 9.097088118353373.
daycon-xgb-gpu  | [I 2026-04-19 08:06:48,761] Trial 35 finished with value: 9.11712988908759 and parameters: {'n_estimators': 4500, 'learning_rate': 0.02227237676090788, 'max_depth': 7, 'min_child_weight': 2.1581432983673703, 'subsample': 0.8459623806554444, 'colsample_bytree': 0.7020947000156039, 'reg_alpha': 0.019334741941255267, 'reg_lambda': 0.03160901805968302, 'gamma': 4.81136307402752, 'max_bin': 320}. Best is trial 25 with value: 9.097088118353373.
daycon-xgb-gpu  | [I 2026-04-19 08:07:42,052] Trial 36 finished with value: 9.106100062546266 and parameters: {'n_estimators': 4000, 'learning_rate': 0.014540003071847817, 'max_depth': 8, 'min_child_weight': 2.049824538848671, 'subsample': 0.8612553011651687, 'colsample_bytree': 0.7404088310415965, 'reg_alpha': 0.009324545830967701, 'reg_lambda': 0.002724776354539826, 'gamma': 3.543579098229884, 'max_bin': 256}. Best is trial 25 with value: 9.097088118353373.
daycon-xgb-gpu  | [I 2026-04-19 08:08:57,372] Trial 37 finished with value: 9.10780711108223 and parameters: {'n_estimators': 4750, 'learning_rate': 0.016437186068588374, 'max_depth': 9, 'min_child_weight': 2.3889032224478157, 'subsample': 0.879046216114074, 'colsample_bytree': 0.7297118455174569, 'reg_alpha': 0.004506168098051541, 'reg_lambda': 0.01408041683376799, 'gamma': 4.311379761980364, 'max_bin': 384}. Best is trial 25 with value: 9.097088118353373.
daycon-xgb-gpu  | [I 2026-04-19 08:09:42,312] Trial 38 finished with value: 9.11290823805172 and parameters: {'n_estimators': 4250, 'learning_rate': 0.015402272737159092, 'max_depth': 7, 'min_child_weight': 1.5881215282617411, 'subsample': 0.8885785578672524, 'colsample_bytree': 0.7580458170329571, 'reg_alpha': 0.03359792575214163, 'reg_lambda': 0.008734979019708974, 'gamma': 2.7773147144892527, 'max_bin': 256}. Best is trial 25 with value: 9.097088118353373.
