daycon-xgb-gpu  | [I 2026-04-21 07:18:39,580] Trial 39 finished with value: 9.110678729052328 and parameters: {'n_estimators': 3250, 'learning_rate': 0.031813607282059654, 'max_depth': 8, 'min_child_weight': 2.185022710949761, 'subsample': 0.8776910226471093, 'colsample_bytree': 0.801702142213704, 'reg_alpha': 0.005671978094504418, 'reg_lambda': 0.0569880331516394, 'gamma': 5.792849108005898, 'max_bin': 320}. Best is trial 23 with value: 9.09746984968272.
daycon-xgb-gpu  | 
daycon-xgb-gpu  | ==============================
daycon-xgb-gpu  | Best trial score: 9.09747
daycon-xgb-gpu  | Best params:
daycon-xgb-gpu  |   n_estimators: 4000
daycon-xgb-gpu  |   learning_rate: 0.013624178458566005
daycon-xgb-gpu  |   max_depth: 8
daycon-xgb-gpu  |   min_child_weight: 2.1246439439439393
daycon-xgb-gpu  |   subsample: 0.884440644889076
daycon-xgb-gpu  |   colsample_bytree: 0.7623297318155008
daycon-xgb-gpu  |   reg_alpha: 0.010318814796949792
daycon-xgb-gpu  |   reg_lambda: 0.02033183105277494
daycon-xgb-gpu  |   gamma: 5.576741096647315
daycon-xgb-gpu  |   max_bin: 320
daycon-xgb-gpu  | ==============================
daycon-xgb-gpu  | 
daycon-xgb-gpu  | ========== Fold 1 ==========
daycon-xgb-gpu  | [0]   validation_0-mae:0.86439
daycon-xgb-gpu  | [100] validation_0-mae:0.52224
daycon-xgb-gpu  | [200] validation_0-mae:0.48450
daycon-xgb-gpu  | [300] validation_0-mae:0.48028
daycon-xgb-gpu  | [400] validation_0-mae:0.47986
daycon-xgb-gpu  | [500] validation_0-mae:0.47972
daycon-xgb-gpu  | [600] validation_0-mae:0.47956
daycon-xgb-gpu  | [700] validation_0-mae:0.47967
daycon-xgb-gpu  | [716] validation_0-mae:0.47964
daycon-xgb-gpu  | Fold 1 MAE : 8.753828
daycon-xgb-gpu  | Fold 1 RMSE: 21.308322
daycon-xgb-gpu  | 
daycon-xgb-gpu  | ========== Fold 2 ==========
daycon-xgb-gpu  | [0]   validation_0-mae:0.87171
daycon-xgb-gpu  | [100] validation_0-mae:0.52514
daycon-xgb-gpu  | [200] validation_0-mae:0.48666
daycon-xgb-gpu  | [300] validation_0-mae:0.48189
daycon-xgb-gpu  | [400] validation_0-mae:0.48125
daycon-xgb-gpu  | [500] validation_0-mae:0.48090
daycon-xgb-gpu  | [600] validation_0-mae:0.48078
daycon-xgb-gpu  | [695] validation_0-mae:0.48079
daycon-xgb-gpu  | Fold 2 MAE : 9.009546
daycon-xgb-gpu  | Fold 2 RMSE: 22.641649
daycon-xgb-gpu  | 
daycon-xgb-gpu  | ========== Fold 3 ==========
daycon-xgb-gpu  | [0]   validation_0-mae:0.87384
daycon-xgb-gpu  | [100] validation_0-mae:0.53111
daycon-xgb-gpu  | [200] validation_0-mae:0.49439
daycon-xgb-gpu  | [300] validation_0-mae:0.48985
daycon-xgb-gpu  | [400] validation_0-mae:0.48894
daycon-xgb-gpu  | [500] validation_0-mae:0.48883
daycon-xgb-gpu  | [600] validation_0-mae:0.48873
daycon-xgb-gpu  | [700] validation_0-mae:0.48870
daycon-xgb-gpu  | [749] validation_0-mae:0.48878
daycon-xgb-gpu  | Fold 3 MAE : 9.240556
daycon-xgb-gpu  | Fold 3 RMSE: 25.067895
daycon-xgb-gpu  | 
daycon-xgb-gpu  | ========== Fold 4 ==========
daycon-xgb-gpu  | [0]   validation_0-mae:0.87207
daycon-xgb-gpu  | [100] validation_0-mae:0.52707
daycon-xgb-gpu  | [200] validation_0-mae:0.48994
daycon-xgb-gpu  | [300] validation_0-mae:0.48585
daycon-xgb-gpu  | [400] validation_0-mae:0.48522
daycon-xgb-gpu  | [499] validation_0-mae:0.48532
daycon-xgb-gpu  | Fold 4 MAE : 9.223998
daycon-xgb-gpu  | Fold 4 RMSE: 23.511093
daycon-xgb-gpu  | 
daycon-xgb-gpu  | ========== Fold 5 ==========
daycon-xgb-gpu  | [0]   validation_0-mae:0.87628
daycon-xgb-gpu  | [100] validation_0-mae:0.52953
daycon-xgb-gpu  | [200] validation_0-mae:0.49166
daycon-xgb-gpu  | [300] validation_0-mae:0.48699
daycon-xgb-gpu  | [400] validation_0-mae:0.48613
daycon-xgb-gpu  | [500] validation_0-mae:0.48570
daycon-xgb-gpu  | [600] validation_0-mae:0.48524
daycon-xgb-gpu  | [700] validation_0-mae:0.48496
daycon-xgb-gpu  | [800] validation_0-mae:0.48471
daycon-xgb-gpu  | [900] validation_0-mae:0.48463
daycon-xgb-gpu  | [1000]        validation_0-mae:0.48451
daycon-xgb-gpu  | [1100]        validation_0-mae:0.48442
daycon-xgb-gpu  | [1200]        validation_0-mae:0.48439
daycon-xgb-gpu  | [1300]        validation_0-mae:0.48440
daycon-xgb-gpu  | [1324]        validation_0-mae:0.48442
daycon-xgb-gpu  | Fold 5 MAE : 9.259421
daycon-xgb-gpu  | Fold 5 RMSE: 24.272680
daycon-xgb-gpu  | 
daycon-xgb-gpu  | ==============================
daycon-xgb-gpu  | CV MAE : 9.09747
daycon-xgb-gpu  | CV RMSE: 23.396678
daycon-xgb-gpu  | ==============================
daycon-xgb-gpu  | Fold 1: MAE=8.753828, RMSE=21.308322
daycon-xgb-gpu  | Fold 2: MAE=9.009546, RMSE=22.641649
daycon-xgb-gpu  | Fold 3: MAE=9.240556, RMSE=25.067895
daycon-xgb-gpu  | Fold 4: MAE=9.223998, RMSE=23.511093
daycon-xgb-gpu  | Fold 5: MAE=9.259421, RMSE=24.272680
daycon-xgb-gpu  | 
daycon-xgb-gpu  | Top 40 features:
daycon-xgb-gpu  |                        feature  importance
daycon-xgb-gpu  | 26              charging_ratio    0.443574
daycon-xgb-gpu  | 59            layout_x_density    0.073625
daycon-xgb-gpu  | 91                  robot_idle    0.061253
daycon-xgb-gpu  | 89              robot_charging    0.033639
daycon-xgb-gpu  | 52   intersection_x_congestion    0.032657
daycon-xgb-gpu  | 76            pack_utilization    0.029373
daycon-xgb-gpu  | 49                  idle_ratio    0.019040
daycon-xgb-gpu  | 66            max_zone_density    0.012743
daycon-xgb-gpu  | 72      order_per_pack_station    0.012595
daycon-xgb-gpu  | 30            congestion_score    0.010098
daycon-xgb-gpu  | 35        dispersion_x_density    0.006445
daycon-xgb-gpu  | 63           low_battery_ratio    0.005685
daycon-xgb-gpu  | 56          layout_compactness    0.005043
daycon-xgb-gpu  | 0                 active_ratio    0.004919
daycon-xgb-gpu  | 17        battery_x_congestion    0.004635
daycon-xgb-gpu  | 75          pack_station_count    0.004464
daycon-xgb-gpu  | 93           robot_utilization    0.004312
daycon-xgb-gpu  | 87                robot_active    0.004118
daycon-xgb-gpu  | 71      order_per_active_robot    0.003951
daycon-xgb-gpu  | 118            zone_dispersion    0.003938
daycon-xgb-gpu  | 11           avg_trip_distance    0.003793
daycon-xgb-gpu  | 105         te_mean__layout_id    0.003488
daycon-xgb-gpu  | 99           sku_concentration    0.003460
daycon-xgb-gpu  | 96                 scenario_id    0.003401
daycon-xgb-gpu  | 25           charging_pressure    0.003397
daycon-xgb-gpu  | 92                 robot_total    0.003345
daycon-xgb-gpu  | 8          avg_items_per_order    0.003283
daycon-xgb-gpu  | 18            blocked_path_15m    0.003275
daycon-xgb-gpu  | 4              aisle_width_avg    0.003258
daycon-xgb-gpu  | 43              floor_area_sqm    0.003256
daycon-xgb-gpu  | 107       te_mean__layout_type    0.003241
daycon-xgb-gpu  | 21            ceiling_height_m    0.003188
daycon-xgb-gpu  | 57                   layout_id    0.003186
daycon-xgb-gpu  | 69               one_way_ratio    0.003184
daycon-xgb-gpu  | 19          building_age_years    0.003184
daycon-xgb-gpu  | 50          intersection_count    0.003178
daycon-xgb-gpu  | 37        emergency_exit_count    0.003162
daycon-xgb-gpu  | 58                 layout_type    0.003133
daycon-xgb-gpu  | 24               charger_count    0.003108
daycon-xgb-gpu  | 74     outbound_truck_wait_min    0.003087
daycon-xgb-gpu  | 
daycon-xgb-gpu  | Saved: submission_xgb_improved.csv
daycon-xgb-gpu  | Saved: feature_importance_xgb_improved.csv
daycon-xgb-gpu  | Saved: oof_predictions_xgb_improved.csv
daycon-xgb-gpu  | Saved: oof_layout_mae.csv
daycon-xgb-gpu  | Saved: oof_scenario_mae.csv
daycon-xgb-gpu  | 
daycon-xgb-gpu  | ===== sanity check =====
daycon-xgb-gpu  | y_raw stats
daycon-xgb-gpu  | count    250000.000000
daycon-xgb-gpu  | mean         18.962296
daycon-xgb-gpu  | std          27.351374
daycon-xgb-gpu  | min           0.000000
daycon-xgb-gpu  | 25%           4.278801
daycon-xgb-gpu  | 50%           9.032652
daycon-xgb-gpu  | 75%          25.791869
daycon-xgb-gpu  | max         715.858119
daycon-xgb-gpu  | Name: avg_delay_minutes_next_30m, dtype: float64
daycon-xgb-gpu  | 
daycon-xgb-gpu  | oof_pred stats
daycon-xgb-gpu  | count    250000.000000
daycon-xgb-gpu  | mean         14.657322
daycon-xgb-gpu  | std          12.453925
daycon-xgb-gpu  | min           0.000000
daycon-xgb-gpu  | 25%           4.802095
daycon-xgb-gpu  | 50%           7.951731
daycon-xgb-gpu  | 75%          28.449908
daycon-xgb-gpu  | max          72.794543
daycon-xgb-gpu  | dtype: float64
daycon-xgb-gpu  | 
daycon-xgb-gpu  | test_pred stats
daycon-xgb-gpu  | count    50000.000000
daycon-xgb-gpu  | mean        16.681001
daycon-xgb-gpu  | std         12.181298
daycon-xgb-gpu  | min          0.073286
daycon-xgb-gpu  | 25%          5.147557
daycon-xgb-gpu  | 50%         12.055007
daycon-xgb-gpu  | 75%         29.427289
daycon-xgb-gpu  | max         59.192851
daycon-xgb-gpu  | dtype: float64
daycon-xgb-gpu exited with code 0
