daycon-xgb-gpu  | [I 2026-04-21 07:55:39,932] Trial 39 finished with value: 9.114653663395224 and parameters: {'n_estimators': 4000, 'learning_rate': 0.031813607282059654, 'max_depth': 8, 'min_child_weight': 1.911046099838376, 'subsample': 0.8425241454794518, 'colsample_bytree': 0.6891658494025601, 'reg_alpha': 0.03474006140923897, 'reg_lambda': 0.004244161205958096, 'gamma': 3.8619646549009325, 'max_bin': 320}. Best is trial 23 with value: 9.097254075851726.
daycon-xgb-gpu  | 
daycon-xgb-gpu  | ==============================
daycon-xgb-gpu  | Best trial score: 9.097254
daycon-xgb-gpu  | Best params:
daycon-xgb-gpu  |   n_estimators: 4750
daycon-xgb-gpu  |   learning_rate: 0.015085132557777048
daycon-xgb-gpu  |   max_depth: 8
daycon-xgb-gpu  |   min_child_weight: 2.075701646988012
daycon-xgb-gpu  |   subsample: 0.8802909255159235
daycon-xgb-gpu  |   colsample_bytree: 0.707272766398194
daycon-xgb-gpu  |   reg_alpha: 0.1798013002113554
daycon-xgb-gpu  |   reg_lambda: 0.001734362028863629
daycon-xgb-gpu  |   gamma: 3.539293803892381
daycon-xgb-gpu  |   max_bin: 320
daycon-xgb-gpu  | ==============================
daycon-xgb-gpu  | 
daycon-xgb-gpu  | ========== Fold 1 ==========
daycon-xgb-gpu  | [0]   validation_0-mae:1.68899
daycon-xgb-gpu  | [100] validation_0-mae:1.01708
daycon-xgb-gpu  | [200] validation_0-mae:0.96337
daycon-xgb-gpu  | [300] validation_0-mae:0.95841
daycon-xgb-gpu  | [400] validation_0-mae:0.95833
daycon-xgb-gpu  | [500] validation_0-mae:0.95830
daycon-xgb-gpu  | [522] validation_0-mae:0.95832
daycon-xgb-gpu  | Fold 1 MAE : 8.745141
daycon-xgb-gpu  | Fold 1 RMSE: 21.205646
daycon-xgb-gpu  | 
daycon-xgb-gpu  | ========== Fold 2 ==========
daycon-xgb-gpu  | [0]   validation_0-mae:1.70641
daycon-xgb-gpu  | [100] validation_0-mae:1.02767
daycon-xgb-gpu  | [200] validation_0-mae:0.97467
daycon-xgb-gpu  | [300] validation_0-mae:0.96922
daycon-xgb-gpu  | [400] validation_0-mae:0.96812
daycon-xgb-gpu  | [500] validation_0-mae:0.96783
daycon-xgb-gpu  | [600] validation_0-mae:0.96742
daycon-xgb-gpu  | [700] validation_0-mae:0.96756
daycon-xgb-gpu  | [710] validation_0-mae:0.96755
daycon-xgb-gpu  | Fold 2 MAE : 9.003514
daycon-xgb-gpu  | Fold 2 RMSE: 22.517196
daycon-xgb-gpu  | 
daycon-xgb-gpu  | ========== Fold 3 ==========
daycon-xgb-gpu  | [0]   validation_0-mae:1.70619
daycon-xgb-gpu  | [100] validation_0-mae:1.03857
daycon-xgb-gpu  | [200] validation_0-mae:0.98751
daycon-xgb-gpu  | [300] validation_0-mae:0.98296
daycon-xgb-gpu  | [400] validation_0-mae:0.98206
daycon-xgb-gpu  | [500] validation_0-mae:0.98146
daycon-xgb-gpu  | [600] validation_0-mae:0.98142
daycon-xgb-gpu  | [664] validation_0-mae:0.98147
daycon-xgb-gpu  | Fold 3 MAE : 9.229542
daycon-xgb-gpu  | Fold 3 RMSE: 24.930715
daycon-xgb-gpu  | 
daycon-xgb-gpu  | ========== Fold 4 ==========
daycon-xgb-gpu  | [0]   validation_0-mae:1.71766
daycon-xgb-gpu  | [100] validation_0-mae:1.04247
daycon-xgb-gpu  | [200] validation_0-mae:0.99161
daycon-xgb-gpu  | [300] validation_0-mae:0.98684
daycon-xgb-gpu  | [400] validation_0-mae:0.98661
daycon-xgb-gpu  | [500] validation_0-mae:0.98633
daycon-xgb-gpu  | [600] validation_0-mae:0.98603
daycon-xgb-gpu  | [700] validation_0-mae:0.98554
daycon-xgb-gpu  | [800] validation_0-mae:0.98545
daycon-xgb-gpu  | [900] validation_0-mae:0.98540
daycon-xgb-gpu  | [974] validation_0-mae:0.98536
daycon-xgb-gpu  | Fold 4 MAE : 9.216504
daycon-xgb-gpu  | Fold 4 RMSE: 23.199650
daycon-xgb-gpu  | 
daycon-xgb-gpu  | ========== Fold 5 ==========
daycon-xgb-gpu  | [0]   validation_0-mae:1.72885
daycon-xgb-gpu  | [100] validation_0-mae:1.04734
daycon-xgb-gpu  | [200] validation_0-mae:0.99556
daycon-xgb-gpu  | [300] validation_0-mae:0.99012
daycon-xgb-gpu  | [400] validation_0-mae:0.98892
daycon-xgb-gpu  | [500] validation_0-mae:0.98814
daycon-xgb-gpu  | [600] validation_0-mae:0.98744
daycon-xgb-gpu  | [700] validation_0-mae:0.98685
daycon-xgb-gpu  | [800] validation_0-mae:0.98658
daycon-xgb-gpu  | [900] validation_0-mae:0.98624
daycon-xgb-gpu  | [1000]        validation_0-mae:0.98653
daycon-xgb-gpu  | [1019]        validation_0-mae:0.98658
daycon-xgb-gpu  | Fold 5 MAE : 9.291569
daycon-xgb-gpu  | Fold 5 RMSE: 24.141941
daycon-xgb-gpu  | 
daycon-xgb-gpu  | ==============================
daycon-xgb-gpu  | CV MAE : 9.097254
daycon-xgb-gpu  | CV RMSE: 23.234893
daycon-xgb-gpu  | ==============================
daycon-xgb-gpu  | Fold 1: MAE=8.745141, RMSE=21.205646
daycon-xgb-gpu  | Fold 2: MAE=9.003514, RMSE=22.517196
daycon-xgb-gpu  | Fold 3: MAE=9.229542, RMSE=24.930715
daycon-xgb-gpu  | Fold 4: MAE=9.216504, RMSE=23.199650
daycon-xgb-gpu  | Fold 5: MAE=9.291569, RMSE=24.141941
daycon-xgb-gpu  | 
daycon-xgb-gpu  | Top 40 features:
daycon-xgb-gpu  |                        feature  importance
daycon-xgb-gpu  | 26              charging_ratio    0.399603
daycon-xgb-gpu  | 59            layout_x_density    0.079886
daycon-xgb-gpu  | 91                  robot_idle    0.055357
daycon-xgb-gpu  | 89              robot_charging    0.040821
daycon-xgb-gpu  | 52   intersection_x_congestion    0.036972
daycon-xgb-gpu  | 49                  idle_ratio    0.034346
daycon-xgb-gpu  | 76            pack_utilization    0.029464
daycon-xgb-gpu  | 72      order_per_pack_station    0.013468
daycon-xgb-gpu  | 66            max_zone_density    0.013309
daycon-xgb-gpu  | 30            congestion_score    0.011176
daycon-xgb-gpu  | 35        dispersion_x_density    0.008423
daycon-xgb-gpu  | 56          layout_compactness    0.005503
daycon-xgb-gpu  | 17        battery_x_congestion    0.005128
daycon-xgb-gpu  | 25           charging_pressure    0.005067
daycon-xgb-gpu  | 75          pack_station_count    0.004815
daycon-xgb-gpu  | 0                 active_ratio    0.004804
daycon-xgb-gpu  | 63           low_battery_ratio    0.004685
daycon-xgb-gpu  | 93           robot_utilization    0.004654
daycon-xgb-gpu  | 87                robot_active    0.004298
daycon-xgb-gpu  | 118            zone_dispersion    0.004245
daycon-xgb-gpu  | 71      order_per_active_robot    0.004154
daycon-xgb-gpu  | 11           avg_trip_distance    0.004018
daycon-xgb-gpu  | 105         te_mean__layout_id    0.003810
daycon-xgb-gpu  | 67          near_collision_15m    0.003726
daycon-xgb-gpu  | 99           sku_concentration    0.003677
daycon-xgb-gpu  | 92                 robot_total    0.003637
daycon-xgb-gpu  | 96                 scenario_id    0.003632
daycon-xgb-gpu  | 4              aisle_width_avg    0.003542
daycon-xgb-gpu  | 43              floor_area_sqm    0.003533
daycon-xgb-gpu  | 107       te_mean__layout_type    0.003485
daycon-xgb-gpu  | 19          building_age_years    0.003483
daycon-xgb-gpu  | 57                   layout_id    0.003420
daycon-xgb-gpu  | 21            ceiling_height_m    0.003410
daycon-xgb-gpu  | 8          avg_items_per_order    0.003409
daycon-xgb-gpu  | 50          intersection_count    0.003407
daycon-xgb-gpu  | 69               one_way_ratio    0.003402
daycon-xgb-gpu  | 24               charger_count    0.003388
daycon-xgb-gpu  | 58                 layout_type    0.003354
daycon-xgb-gpu  | 37        emergency_exit_count    0.003335
daycon-xgb-gpu  | 41        fire_sprinkler_count    0.003323
daycon-xgb-gpu  | 
daycon-xgb-gpu  | Saved: submission_xgb_improved.csv
daycon-xgb-gpu  | Saved: feature_importance_xgb_improved.csv
daycon-xgb-gpu  | Saved: oof_predictions_xgb_improved.csv
daycon-xgb-gpu  | Saved: oof_layout_mae.csv
daycon-xgb-gpu  | Saved: oof_scenario_mae.csv
daycon-xgb-gpu  | 
daycon-xgb-gpu  | ===== sanity check =====
daycon-xgb-gpu  | y_raw stats
daycon-xgb-gpu  | count    250000.000000
daycon-xgb-gpu  | mean         18.962296
daycon-xgb-gpu  | std          27.351374
daycon-xgb-gpu  | min           0.000000
daycon-xgb-gpu  | 25%           4.278801
daycon-xgb-gpu  | 50%           9.032652
daycon-xgb-gpu  | 75%          25.791869
daycon-xgb-gpu  | max         715.858119
daycon-xgb-gpu  | Name: avg_delay_minutes_next_30m, dtype: float64
daycon-xgb-gpu  | 
daycon-xgb-gpu  | oof_pred stats
daycon-xgb-gpu  | count    250000.000000
daycon-xgb-gpu  | mean         14.858588
daycon-xgb-gpu  | std          12.536163
daycon-xgb-gpu  | min           0.000000
daycon-xgb-gpu  | 25%           4.844478
daycon-xgb-gpu  | 50%           8.169556
daycon-xgb-gpu  | 75%          28.939073
daycon-xgb-gpu  | max          71.988179
daycon-xgb-gpu  | dtype: float64
daycon-xgb-gpu  | 
daycon-xgb-gpu  | test_pred stats
daycon-xgb-gpu  | count    50000.000000
daycon-xgb-gpu  | mean        17.361005
daycon-xgb-gpu  | std         12.582807
daycon-xgb-gpu  | min          0.043909
daycon-xgb-gpu  | 25%          5.291697
daycon-xgb-gpu  | 50%         12.761212
daycon-xgb-gpu  | 75%         30.621998
daycon-xgb-gpu  | max         52.731757
daycon-xgb-gpu  | dtype: float64
daycon-xgb-gpu exited with code 0
