daycon-xgb-gpu  | [I 2026-04-21 10:35:56,827] Trial 39 finished with value: 9.109364524902293 and parameters: {'n_estimators': 3500, 'learning_rate': 0.01662375736264748, 'max_depth': 9, 'min_child_weight': 2.0189177519497843, 'subsample': 0.8057194656447151, 'colsample_bytree': 0.7874998533245335, 'reg_alpha': 0.009664730076621898, 'reg_lambda': 0.0004737348263820644, 'gamma': 4.1716901731851355, 'max_bin': 384}. Best is trial 22 with value: 9.100357027445057.
daycon-xgb-gpu  | 
daycon-xgb-gpu  | ==============================
daycon-xgb-gpu  | Best trial score: 9.100357
daycon-xgb-gpu  | Best params:
daycon-xgb-gpu  |   n_estimators: 4000
daycon-xgb-gpu  |   learning_rate: 0.015558894545633402
daycon-xgb-gpu  |   max_depth: 8
daycon-xgb-gpu  |   min_child_weight: 2.110936631141809
daycon-xgb-gpu  |   subsample: 0.8777792688607063
daycon-xgb-gpu  |   colsample_bytree: 0.6956957570409559
daycon-xgb-gpu  |   reg_alpha: 0.002996753108146825
daycon-xgb-gpu  |   reg_lambda: 0.007825003060345679
daycon-xgb-gpu  |   gamma: 5.4006573146585515
daycon-xgb-gpu  |   max_bin: 384
daycon-xgb-gpu  | ==============================
daycon-xgb-gpu  | 
daycon-xgb-gpu  | ========== Fold 1 ==========
daycon-xgb-gpu  | [0]   validation_0-mae:1.68812
daycon-xgb-gpu  | [100] validation_0-mae:1.01170
daycon-xgb-gpu  | [200] validation_0-mae:0.96200
daycon-xgb-gpu  | [300] validation_0-mae:0.95772
daycon-xgb-gpu  | [400] validation_0-mae:0.95745
daycon-xgb-gpu  | [500] validation_0-mae:0.95730
daycon-xgb-gpu  | [589] validation_0-mae:0.95754
daycon-xgb-gpu  | Fold 1 MAE : 8.735528
daycon-xgb-gpu  | Fold 1 RMSE: 21.169340
daycon-xgb-gpu  | 
daycon-xgb-gpu  | ========== Fold 2 ==========
daycon-xgb-gpu  | [0]   validation_0-mae:1.70554
daycon-xgb-gpu  | [100] validation_0-mae:1.02314
daycon-xgb-gpu  | [200] validation_0-mae:0.97410
daycon-xgb-gpu  | [300] validation_0-mae:0.96933
daycon-xgb-gpu  | [400] validation_0-mae:0.96887
daycon-xgb-gpu  | [500] validation_0-mae:0.96845
daycon-xgb-gpu  | [600] validation_0-mae:0.96853
daycon-xgb-gpu  | [632] validation_0-mae:0.96849
daycon-xgb-gpu  | Fold 2 MAE : 9.008944
daycon-xgb-gpu  | Fold 2 RMSE: 22.511445
daycon-xgb-gpu  | 
daycon-xgb-gpu  | ========== Fold 3 ==========
daycon-xgb-gpu  | [0]   validation_0-mae:1.70551
daycon-xgb-gpu  | [100] validation_0-mae:1.03387
daycon-xgb-gpu  | [200] validation_0-mae:0.98626
daycon-xgb-gpu  | [300] validation_0-mae:0.98171
daycon-xgb-gpu  | [400] validation_0-mae:0.98091
daycon-xgb-gpu  | [491] validation_0-mae:0.98101
daycon-xgb-gpu  | Fold 3 MAE : 9.221294
daycon-xgb-gpu  | Fold 3 RMSE: 24.949710
daycon-xgb-gpu  | 
daycon-xgb-gpu  | ========== Fold 4 ==========
daycon-xgb-gpu  | [0]   validation_0-mae:1.71668
daycon-xgb-gpu  | [100] validation_0-mae:1.03772
daycon-xgb-gpu  | [200] validation_0-mae:0.99137
daycon-xgb-gpu  | [300] validation_0-mae:0.98792
daycon-xgb-gpu  | [400] validation_0-mae:0.98755
daycon-xgb-gpu  | [500] validation_0-mae:0.98752
daycon-xgb-gpu  | [600] validation_0-mae:0.98740
daycon-xgb-gpu  | [700] validation_0-mae:0.98720
daycon-xgb-gpu  | [800] validation_0-mae:0.98753
daycon-xgb-gpu  | [803] validation_0-mae:0.98750
daycon-xgb-gpu  | Fold 4 MAE : 9.236210
daycon-xgb-gpu  | Fold 4 RMSE: 23.258818
daycon-xgb-gpu  | 
daycon-xgb-gpu  | ========== Fold 5 ==========
daycon-xgb-gpu  | [0]   validation_0-mae:1.72778
daycon-xgb-gpu  | [100] validation_0-mae:1.04259
daycon-xgb-gpu  | [200] validation_0-mae:0.99514
daycon-xgb-gpu  | [300] validation_0-mae:0.99012
daycon-xgb-gpu  | [400] validation_0-mae:0.98890
daycon-xgb-gpu  | [500] validation_0-mae:0.98816
daycon-xgb-gpu  | [600] validation_0-mae:0.98738
daycon-xgb-gpu  | [700] validation_0-mae:0.98686
daycon-xgb-gpu  | [800] validation_0-mae:0.98692
daycon-xgb-gpu  | [835] validation_0-mae:0.98714
daycon-xgb-gpu  | Fold 5 MAE : 9.299810
daycon-xgb-gpu  | Fold 5 RMSE: 24.230470
daycon-xgb-gpu  | 
daycon-xgb-gpu  | ==============================
daycon-xgb-gpu  | CV MAE : 9.100357
daycon-xgb-gpu  | CV RMSE: 23.261481
daycon-xgb-gpu  | ==============================
daycon-xgb-gpu  | Fold 1: MAE=8.735528, RMSE=21.169340
daycon-xgb-gpu  | Fold 2: MAE=9.008944, RMSE=22.511445
daycon-xgb-gpu  | Fold 3: MAE=9.221294, RMSE=24.949710
daycon-xgb-gpu  | Fold 4: MAE=9.236210, RMSE=23.258818
daycon-xgb-gpu  | Fold 5: MAE=9.299810, RMSE=24.230470
daycon-xgb-gpu  | 
daycon-xgb-gpu  | Top 40 features:
daycon-xgb-gpu  |                         feature  importance
daycon-xgb-gpu  | 26               charging_ratio    0.354288
daycon-xgb-gpu  | 68             layout_x_density    0.104609
daycon-xgb-gpu  | 103                  robot_idle    0.049100
daycon-xgb-gpu  | 53           high_charging_flag    0.041589
daycon-xgb-gpu  | 61    intersection_x_congestion    0.028385
daycon-xgb-gpu  | 87             pack_utilization    0.025705
daycon-xgb-gpu  | 101              robot_charging    0.025699
daycon-xgb-gpu  | 58                   idle_ratio    0.021012
daycon-xgb-gpu  | 76             max_zone_density    0.019246
daycon-xgb-gpu  | 40         dispersion_x_density    0.013985
daycon-xgb-gpu  | 83       order_per_pack_station    0.013941
daycon-xgb-gpu  | 32             congestion_score    0.011278
daycon-xgb-gpu  | 39            dense_layout_flag    0.008146
daycon-xgb-gpu  | 38             delay_risk_proxy    0.007983
daycon-xgb-gpu  | 27   charging_robot_per_charger    0.007234
daycon-xgb-gpu  | 73            low_battery_ratio    0.006958
daycon-xgb-gpu  | 0                  active_ratio    0.005153
daycon-xgb-gpu  | 54         high_congestion_flag    0.004848
daycon-xgb-gpu  | 65           layout_compactness    0.004751
daycon-xgb-gpu  | 99                 robot_active    0.004639
daycon-xgb-gpu  | 86           pack_station_count    0.004498
daycon-xgb-gpu  | 25            charging_pressure    0.004206
daycon-xgb-gpu  | 17         battery_x_congestion    0.004079
daycon-xgb-gpu  | 81       order_per_active_robot    0.004025
daycon-xgb-gpu  | 124             utilization_gap    0.003860
daycon-xgb-gpu  | 131             zone_dispersion    0.003690
daycon-xgb-gpu  | 11            avg_trip_distance    0.003670
daycon-xgb-gpu  | 77           near_collision_15m    0.003338
daycon-xgb-gpu  | 117          te_mean__layout_id    0.003267
daycon-xgb-gpu  | 111           sku_concentration    0.003194
daycon-xgb-gpu  | 8           avg_items_per_order    0.003104
daycon-xgb-gpu  | 108                 scenario_id    0.003101
daycon-xgb-gpu  | 104                 robot_total    0.003088
daycon-xgb-gpu  | 67                  layout_type    0.003061
daycon-xgb-gpu  | 48               floor_area_sqm    0.003024
daycon-xgb-gpu  | 119        te_mean__layout_type    0.002995
daycon-xgb-gpu  | 66                    layout_id    0.002994
daycon-xgb-gpu  | 4               aisle_width_avg    0.002964
daycon-xgb-gpu  | 19           building_age_years    0.002942
daycon-xgb-gpu  | 42         emergency_exit_count    0.002932
daycon-xgb-gpu  | 
daycon-xgb-gpu  | Saved: submission_xgb_improved.csv
daycon-xgb-gpu  | Saved: feature_importance_xgb_improved.csv
daycon-xgb-gpu  | Saved: oof_predictions_xgb_improved.csv
daycon-xgb-gpu  | Saved: oof_layout_mae.csv
daycon-xgb-gpu  | Saved: oof_scenario_mae.csv
daycon-xgb-gpu  | 
daycon-xgb-gpu  | ===== sanity check =====
daycon-xgb-gpu  | y_raw stats
daycon-xgb-gpu  | count    250000.000000
daycon-xgb-gpu  | mean         18.962296
daycon-xgb-gpu  | std          27.351374
daycon-xgb-gpu  | min           0.000000
daycon-xgb-gpu  | 25%           4.278801
daycon-xgb-gpu  | 50%           9.032652
daycon-xgb-gpu  | 75%          25.791869
daycon-xgb-gpu  | max         715.858119
daycon-xgb-gpu  | Name: avg_delay_minutes_next_30m, dtype: float64
daycon-xgb-gpu  | 
daycon-xgb-gpu  | oof_pred stats
daycon-xgb-gpu  | count    250000.000000
daycon-xgb-gpu  | mean         14.831583
daycon-xgb-gpu  | std          12.508264
daycon-xgb-gpu  | min           0.000000
daycon-xgb-gpu  | 25%           4.838328
daycon-xgb-gpu  | 50%           8.154921
daycon-xgb-gpu  | 75%          28.928933
daycon-xgb-gpu  | max          68.850194
daycon-xgb-gpu  | dtype: float64
daycon-xgb-gpu  | 
daycon-xgb-gpu  | test_pred stats
daycon-xgb-gpu  | count    50000.000000
daycon-xgb-gpu  | mean        17.279117
daycon-xgb-gpu  | std         12.444998
daycon-xgb-gpu  | min          0.062057
daycon-xgb-gpu  | 25%          5.315048
daycon-xgb-gpu  | 50%         12.780884
daycon-xgb-gpu  | 75%         30.410521
daycon-xgb-gpu  | max         51.873752
daycon-xgb-gpu  | dtype: float64
daycon-xgb-gpu exited with code 0
