daycon-xgb-gpu  | [I 2026-04-21 11:22:53,395] Trial 41 finished with value: 9.105729999680445 and parameters: {'n_estimators': 3500, 'learning_rate': 0.027034527688082455, 'max_depth': 8, 'min_child_weight': 2.2270506881781347, 'subsample': 0.8081489151536763, 'colsample_bytree': 0.6749872388626893, 'reg_alpha': 0.006581733859476307, 'reg_lambda': 0.002056821513657409, 'gamma': 6.306190835620143, 'max_bin': 320}. Best is trial 25 with value: 9.100279328458882.
daycon-xgb-gpu  | [I 2026-04-21 11:23:17,788] Trial 42 finished with value: 9.110746514974831 and parameters: {'n_estimators': 3500, 'learning_rate': 0.034178517112454385, 'max_depth': 8, 'min_child_weight': 3.0739390952727494, 'subsample': 0.8161367798631669, 'colsample_bytree': 0.775623815877939, 'reg_alpha': 0.10598745259973551, 'reg_lambda': 0.000696100991049208, 'gamma': 6.122643664111233, 'max_bin': 320}. Best is trial 25 with value: 9.100279328458882.
daycon-xgb-gpu  | [I 2026-04-21 11:23:46,069] Trial 43 finished with value: 9.109134759979048 and parameters: {'n_estimators': 3750, 'learning_rate': 0.028150571727764917, 'max_depth': 8, 'min_child_weight': 2.886103446876552, 'subsample': 0.8226062192647048, 'colsample_bytree': 0.7656155112609244, 'reg_alpha': 0.254454813704123, 'reg_lambda': 0.04017274401556764, 'gamma': 6.310604453350727, 'max_bin': 320}. Best is trial 25 with value: 9.100279328458882.
daycon-xgb-gpu  | [I 2026-04-21 11:24:29,120] Trial 44 finished with value: 9.103433008210853 and parameters: {'n_estimators': 3250, 'learning_rate': 0.017535472617642406, 'max_depth': 8, 'min_child_weight': 3.6380375938644236, 'subsample': 0.7850098998014633, 'colsample_bytree': 0.7195519223021298, 'reg_alpha': 0.7887337477610091, 'reg_lambda': 0.012873387370399267, 'gamma': 5.9161737829116126, 'max_bin': 320}. Best is trial 25 with value: 9.100279328458882.
daycon-xgb-gpu  | [I 2026-04-21 11:24:53,748] Trial 45 finished with value: 9.110563325752608 and parameters: {'n_estimators': 3500, 'learning_rate': 0.0330430241132766, 'max_depth': 8, 'min_child_weight': 2.5591569796623195, 'subsample': 0.8010386023494553, 'colsample_bytree': 0.7328307577544882, 'reg_alpha': 0.022791122294159496, 'reg_lambda': 0.0009753523279613761, 'gamma': 5.678059782370607, 'max_bin': 320}. Best is trial 25 with value: 9.100279328458882.
daycon-xgb-gpu  | [I 2026-04-21 11:25:29,280] Trial 46 finished with value: 9.104686212714862 and parameters: {'n_estimators': 3750, 'learning_rate': 0.023935367982284222, 'max_depth': 8, 'min_child_weight': 3.566136814881229, 'subsample': 0.8177956232018306, 'colsample_bytree': 0.7459869623189148, 'reg_alpha': 0.0010733391628077909, 'reg_lambda': 0.005255324042074138, 'gamma': 5.398296031700107, 'max_bin': 320}. Best is trial 25 with value: 9.100279328458882.
daycon-xgb-gpu  | [I 2026-04-21 11:25:49,254] Trial 47 finished with value: 9.114613144390965 and parameters: {'n_estimators': 5000, 'learning_rate': 0.021845138000252083, 'max_depth': 7, 'min_child_weight': 2.434034346165297, 'subsample': 0.8356732682634004, 'colsample_bytree': 0.7551827562149909, 'reg_alpha': 0.04647172793120994, 'reg_lambda': 0.0014435695709419832, 'gamma': 6.435523590770221, 'max_bin': 128}. Best is trial 25 with value: 9.100279328458882.
daycon-xgb-gpu  | [I 2026-04-21 11:26:07,414] Trial 48 finished with value: 9.109923859014975 and parameters: {'n_estimators': 3750, 'learning_rate': 0.026549393701177315, 'max_depth': 7, 'min_child_weight': 3.119313931822943, 'subsample': 0.787280236929154, 'colsample_bytree': 0.6935139346900396, 'reg_alpha': 0.7147738783159745, 'reg_lambda': 0.03135991897909369, 'gamma': 6.162036162424679, 'max_bin': 192}. Best is trial 25 with value: 9.100279328458882.
daycon-xgb-gpu  | [I 2026-04-21 11:26:44,168] Trial 49 finished with value: 9.101803597863086 and parameters: {'n_estimators': 3500, 'learning_rate': 0.01996355604718559, 'max_depth': 8, 'min_child_weight': 2.677511339775104, 'subsample': 0.8578202215844952, 'colsample_bytree': 0.7233591986709825, 'reg_alpha': 0.01036649010776679, 'reg_lambda': 0.06734445948828953, 'gamma': 5.827389567252149, 'max_bin': 256}. Best is trial 25 with value: 9.100279328458882.
daycon-xgb-gpu  | 
daycon-xgb-gpu  | ==============================
daycon-xgb-gpu  | Best trial score: 9.100279
daycon-xgb-gpu  | Best params:
daycon-xgb-gpu  |   n_estimators: 3750
daycon-xgb-gpu  |   learning_rate: 0.024399322306157094
daycon-xgb-gpu  |   max_depth: 7
daycon-xgb-gpu  |   min_child_weight: 2.3472925153759343
daycon-xgb-gpu  |   subsample: 0.808250218226564
daycon-xgb-gpu  |   colsample_bytree: 0.7341512129141703
daycon-xgb-gpu  |   reg_alpha: 0.06685218678483107
daycon-xgb-gpu  |   reg_lambda: 0.0019490417968367174
daycon-xgb-gpu  |   gamma: 6.324566485133489
daycon-xgb-gpu  |   max_bin: 320
daycon-xgb-gpu  | ==============================
daycon-xgb-gpu  | 
daycon-xgb-gpu  | ========== Fold 1 ==========
daycon-xgb-gpu  | [0]   validation_0-mae:1.67918
daycon-xgb-gpu  | [100] validation_0-mae:0.97140
daycon-xgb-gpu  | [200] validation_0-mae:0.95801
daycon-xgb-gpu  | [300] validation_0-mae:0.95768
daycon-xgb-gpu  | [378] validation_0-mae:0.95779
daycon-xgb-gpu  | Fold 1 MAE : 8.734848
daycon-xgb-gpu  | Fold 1 RMSE: 21.243194
daycon-xgb-gpu  | 
daycon-xgb-gpu  | ========== Fold 2 ==========
daycon-xgb-gpu  | [0]   validation_0-mae:1.69666
daycon-xgb-gpu  | [100] validation_0-mae:0.98427
daycon-xgb-gpu  | [200] validation_0-mae:0.96953
daycon-xgb-gpu  | [300] validation_0-mae:0.96868
daycon-xgb-gpu  | [400] validation_0-mae:0.96885
daycon-xgb-gpu  | [416] validation_0-mae:0.96888
daycon-xgb-gpu  | Fold 2 MAE : 9.013911
daycon-xgb-gpu  | Fold 2 RMSE: 22.571255
daycon-xgb-gpu  | 
daycon-xgb-gpu  | ========== Fold 3 ==========
daycon-xgb-gpu  | [0]   validation_0-mae:1.69607
daycon-xgb-gpu  | [100] validation_0-mae:0.99655
daycon-xgb-gpu  | [200] validation_0-mae:0.98363
daycon-xgb-gpu  | [300] validation_0-mae:0.98310
daycon-xgb-gpu  | [400] validation_0-mae:0.98277
daycon-xgb-gpu  | [449] validation_0-mae:0.98293
daycon-xgb-gpu  | Fold 3 MAE : 9.242789
daycon-xgb-gpu  | Fold 3 RMSE: 24.959360
daycon-xgb-gpu  | 
daycon-xgb-gpu  | ========== Fold 4 ==========
daycon-xgb-gpu  | [0]   validation_0-mae:1.70758
daycon-xgb-gpu  | [100] validation_0-mae:0.99920
daycon-xgb-gpu  | [200] validation_0-mae:0.98722
daycon-xgb-gpu  | [300] validation_0-mae:0.98702
daycon-xgb-gpu  | [400] validation_0-mae:0.98659
daycon-xgb-gpu  | [500] validation_0-mae:0.98655
daycon-xgb-gpu  | [600] validation_0-mae:0.98630
daycon-xgb-gpu  | [700] validation_0-mae:0.98646
daycon-xgb-gpu  | [747] validation_0-mae:0.98635
daycon-xgb-gpu  | Fold 4 MAE : 9.227049
daycon-xgb-gpu  | Fold 4 RMSE: 23.253264
daycon-xgb-gpu  | 
daycon-xgb-gpu  | ========== Fold 5 ==========
daycon-xgb-gpu  | [0]   validation_0-mae:1.71884
daycon-xgb-gpu  | [100] validation_0-mae:1.00318
daycon-xgb-gpu  | [200] validation_0-mae:0.98908
daycon-xgb-gpu  | [300] validation_0-mae:0.98750
daycon-xgb-gpu  | [400] validation_0-mae:0.98658
daycon-xgb-gpu  | [500] validation_0-mae:0.98597
daycon-xgb-gpu  | [600] validation_0-mae:0.98542
daycon-xgb-gpu  | [700] validation_0-mae:0.98542
daycon-xgb-gpu  | [723] validation_0-mae:0.98535
daycon-xgb-gpu  | Fold 5 MAE : 9.282799
daycon-xgb-gpu  | Fold 5 RMSE: 24.155239
daycon-xgb-gpu  | 
daycon-xgb-gpu  | ==============================
daycon-xgb-gpu  | CV MAE : 9.100279
daycon-xgb-gpu  | CV RMSE: 23.271847
daycon-xgb-gpu  | ==============================
daycon-xgb-gpu  | Fold 1: MAE=8.734848, RMSE=21.243194
daycon-xgb-gpu  | Fold 2: MAE=9.013911, RMSE=22.571255
daycon-xgb-gpu  | Fold 3: MAE=9.242789, RMSE=24.959360
daycon-xgb-gpu  | Fold 4: MAE=9.227049, RMSE=23.253264
daycon-xgb-gpu  | Fold 5: MAE=9.282799, RMSE=24.155239
daycon-xgb-gpu  | 
daycon-xgb-gpu  | Top 40 features:
daycon-xgb-gpu  |                         feature  importance
daycon-xgb-gpu  | 26               charging_ratio    0.408300
daycon-xgb-gpu  | 61             layout_x_density    0.074059
daycon-xgb-gpu  | 94                   robot_idle    0.060688
daycon-xgb-gpu  | 92               robot_charging    0.043206
daycon-xgb-gpu  | 54    intersection_x_congestion    0.034771
daycon-xgb-gpu  | 78             pack_utilization    0.031246
daycon-xgb-gpu  | 51                   idle_ratio    0.025321
daycon-xgb-gpu  | 68             max_zone_density    0.017898
daycon-xgb-gpu  | 74       order_per_pack_station    0.013349
daycon-xgb-gpu  | 36             delay_risk_proxy    0.011577
daycon-xgb-gpu  | 31             congestion_score    0.011040
daycon-xgb-gpu  | 37         dispersion_x_density    0.007083
daycon-xgb-gpu  | 27   charging_robot_per_charger    0.006488
daycon-xgb-gpu  | 17         battery_x_congestion    0.005151
daycon-xgb-gpu  | 58           layout_compactness    0.005011
daycon-xgb-gpu  | 90                 robot_active    0.004318
daycon-xgb-gpu  | 77           pack_station_count    0.004234
daycon-xgb-gpu  | 0                  active_ratio    0.004135
daycon-xgb-gpu  | 25            charging_pressure    0.003998
daycon-xgb-gpu  | 65            low_battery_ratio    0.003921
daycon-xgb-gpu  | 73       order_per_active_robot    0.003869
daycon-xgb-gpu  | 11            avg_trip_distance    0.003824
daycon-xgb-gpu  | 121             zone_dispersion    0.003804
daycon-xgb-gpu  | 96            robot_utilization    0.003709
daycon-xgb-gpu  | 8           avg_items_per_order    0.003378
daycon-xgb-gpu  | 69           near_collision_15m    0.003298
daycon-xgb-gpu  | 72             order_inflow_15m    0.003266
daycon-xgb-gpu  | 102           sku_concentration    0.003216
daycon-xgb-gpu  | 108          te_mean__layout_id    0.003212
daycon-xgb-gpu  | 95                  robot_total    0.003110
daycon-xgb-gpu  | 99                  scenario_id    0.003108
daycon-xgb-gpu  | 76      outbound_truck_wait_min    0.003046
daycon-xgb-gpu  | 45               floor_area_sqm    0.003006
daycon-xgb-gpu  | 59                    layout_id    0.002993
daycon-xgb-gpu  | 4               aisle_width_avg    0.002989
daycon-xgb-gpu  | 19           building_age_years    0.002983
daycon-xgb-gpu  | 21             ceiling_height_m    0.002955
daycon-xgb-gpu  | 110        te_mean__layout_type    0.002950
daycon-xgb-gpu  | 39         emergency_exit_count    0.002931
daycon-xgb-gpu  | 52           intersection_count    0.002919
daycon-xgb-gpu  | 
daycon-xgb-gpu  | Saved: submission_xgb_sqrt_te_tail.csv
daycon-xgb-gpu  | Saved: feature_importance_xgb_sqrt_te_tail.csv
daycon-xgb-gpu  | Saved: oof_predictions_xgb_sqrt_te_tail.csv
daycon-xgb-gpu  | Saved: oof_layout_mae_xgb_sqrt_te_tail.csv
daycon-xgb-gpu  | Saved: oof_scenario_mae_xgb_sqrt_te_tail.csv
daycon-xgb-gpu  | 
daycon-xgb-gpu  | ===== sanity check =====
daycon-xgb-gpu  | y_raw stats
daycon-xgb-gpu  | count    250000.000000
daycon-xgb-gpu  | mean         18.962296
daycon-xgb-gpu  | std          27.351374
daycon-xgb-gpu  | min           0.000000
daycon-xgb-gpu  | 25%           4.278801
daycon-xgb-gpu  | 50%           9.032652
daycon-xgb-gpu  | 75%          25.791869
daycon-xgb-gpu  | max         715.858119
daycon-xgb-gpu  | Name: avg_delay_minutes_next_30m, dtype: float64
daycon-xgb-gpu  | 
daycon-xgb-gpu  | oof_pred stats
daycon-xgb-gpu  | count    250000.000000
daycon-xgb-gpu  | mean         14.852254
daycon-xgb-gpu  | std          12.556239
daycon-xgb-gpu  | min           0.000000
daycon-xgb-gpu  | 25%           4.813625
daycon-xgb-gpu  | 50%           8.147936
daycon-xgb-gpu  | 75%          29.142834
daycon-xgb-gpu  | max          62.323270
daycon-xgb-gpu  | dtype: float64
daycon-xgb-gpu  | 
daycon-xgb-gpu  | test_pred stats
daycon-xgb-gpu  | count    50000.000000
daycon-xgb-gpu  | mean        17.277020
daycon-xgb-gpu  | std         12.536504
daycon-xgb-gpu  | min          0.014329
daycon-xgb-gpu  | 25%          5.226199
daycon-xgb-gpu  | 50%         12.746624
daycon-xgb-gpu  | 75%         30.465983
daycon-xgb-gpu  | max         50.519280
daycon-xgb-gpu  | dtype: float64
daycon-xgb-gpu exited with code 0
