daycon-xgb-gpu  | [I 2026-04-14 14:05:48,485] Trial 38 finished with value: 9.133901530577097 and parameters: {'n_estimators': 4000, 'learning_rate': 0.019578388214304132, 'max_depth': 6, 'min_child_weight': 5.003810706545571, 'subsample': 0.8401900072608256, 'colsample_bytree': 0.733620518249597, 'reg_alpha': 0.05981580477584494, 'reg_lambda': 0.0008544839961935318, 'gamma': 5.237388866514387, 'max_bin': 320}. Best is trial 20 with value: 9.122132678524295.
daycon-xgb-gpu  | [I 2026-04-14 14:06:11,777] Trial 39 finished with value: 9.128214890568419 and parameters: {'n_estimators': 4500, 'learning_rate': 0.018347143206201084, 'max_depth': 7, 'min_child_weight': 5.8218820189534055, 'subsample': 0.8533563728717749, 'colsample_bytree': 0.7719566226414597, 'reg_alpha': 0.1782553761967909, 'reg_lambda': 8.025949200332527e-05, 'gamma': 4.082685153036072, 'max_bin': 192}. Best is trial 20 with value: 9.122132678524295.
daycon-xgb-gpu  | [I 2026-04-14 14:06:39,751] Trial 40 finished with value: 9.132066057790642 and parameters: {'n_estimators': 3250, 'learning_rate': 0.024125733627160594, 'max_depth': 8, 'min_child_weight': 4.329798260527056, 'subsample': 0.8891926038495547, 'colsample_bytree': 0.744563518389102, 'reg_alpha': 0.00533102612179706, 'reg_lambda': 0.00015589576896639322, 'gamma': 4.698411788117191, 'max_bin': 320}. Best is trial 20 with value: 9.122132678524295.
daycon-xgb-gpu  | [I 2026-04-14 14:07:09,844] Trial 41 finished with value: 9.121759536646529 and parameters: {'n_estimators': 3500, 'learning_rate': 0.015729916682651317, 'max_depth': 7, 'min_child_weight': 2.4594333048724955, 'subsample': 0.8358229392037508, 'colsample_bytree': 0.6734270765608729, 'reg_alpha': 0.661686449797755, 'reg_lambda': 0.0002961767376379512, 'gamma': 4.426470623298348, 'max_bin': 256}. Best is trial 41 with value: 9.121759536646529.
daycon-xgb-gpu  | [I 2026-04-14 14:07:40,480] Trial 42 finished with value: 9.127570103857042 and parameters: {'n_estimators': 3500, 'learning_rate': 0.015093601247992609, 'max_depth': 7, 'min_child_weight': 2.833111774795398, 'subsample': 0.8405640906181167, 'colsample_bytree': 0.6521018274322415, 'reg_alpha': 0.6155012227936236, 'reg_lambda': 0.00029714896776817756, 'gamma': 4.2335144154084885, 'max_bin': 256}. Best is trial 41 with value: 9.121759536646529.
daycon-xgb-gpu  | [I 2026-04-14 14:08:08,717] Trial 43 finished with value: 9.124979011228472 and parameters: {'n_estimators': 3750, 'learning_rate': 0.01714551801105, 'max_depth': 7, 'min_child_weight': 2.4100030800978556, 'subsample': 0.8330078882899873, 'colsample_bytree': 0.6749227656846315, 'reg_alpha': 0.6531363594306453, 'reg_lambda': 3.568558360430437e-05, 'gamma': 4.427583808680387, 'max_bin': 192}. Best is trial 41 with value: 9.121759536646529.
daycon-xgb-gpu  | [I 2026-04-14 14:08:34,286] Trial 44 finished with value: 9.129443645121123 and parameters: {'n_estimators': 3750, 'learning_rate': 0.016832830843167643, 'max_depth': 7, 'min_child_weight': 2.3780602037169762, 'subsample': 0.8337443152208739, 'colsample_bytree': 0.6715418917582419, 'reg_alpha': 0.31995953021570184, 'reg_lambda': 3.750876285388215e-05, 'gamma': 3.6692701559982783, 'max_bin': 192}. Best is trial 41 with value: 9.121759536646529.
daycon-xgb-gpu  | [I 2026-04-14 14:09:03,899] Trial 45 finished with value: 9.124394272187292 and parameters: {'n_estimators': 3750, 'learning_rate': 0.015943578998010497, 'max_depth': 7, 'min_child_weight': 2.2459917012602912, 'subsample': 0.8277945626588655, 'colsample_bytree': 0.6800804611620138, 'reg_alpha': 0.9790353215117786, 'reg_lambda': 1.3210565527333671e-05, 'gamma': 4.474264329467389, 'max_bin': 192}. Best is trial 41 with value: 9.121759536646529.
daycon-xgb-gpu  | [I 2026-04-14 14:09:29,344] Trial 46 finished with value: 9.126227752066775 and parameters: {'n_estimators': 3500, 'learning_rate': 0.01589068376265602, 'max_depth': 7, 'min_child_weight': 2.136955844474922, 'subsample': 0.8137641790294984, 'colsample_bytree': 0.667131422929371, 'reg_alpha': 0.12666740826728673, 'reg_lambda': 1.7609961170285046e-05, 'gamma': 5.488888369033028, 'max_bin': 192}. Best is trial 41 with value: 9.121759536646529.
daycon-xgb-gpu  | [I 2026-04-14 14:09:55,436] Trial 47 finished with value: 9.137491788905637 and parameters: {'n_estimators': 4000, 'learning_rate': 0.015039167221215276, 'max_depth': 6, 'min_child_weight': 2.2603871733370022, 'subsample': 0.8275202034888369, 'colsample_bytree': 0.6831771387042994, 'reg_alpha': 0.8231074866271763, 'reg_lambda': 0.0014222644403588014, 'gamma': 4.01456507497477, 'max_bin': 128}. Best is trial 41 with value: 9.121759536646529.
daycon-xgb-gpu  | [I 2026-04-14 14:10:09,026] Trial 48 finished with value: 9.135729203351852 and parameters: {'n_estimators': 3750, 'learning_rate': 0.04596167911861788, 'max_depth': 7, 'min_child_weight': 3.1827759511675, 'subsample': 0.822306645876106, 'colsample_bytree': 0.7022951010328214, 'reg_alpha': 0.2292223659287055, 'reg_lambda': 0.0002077966995174328, 'gamma': 4.225402379883603, 'max_bin': 192}. Best is trial 41 with value: 9.121759536646529.
daycon-xgb-gpu  | [I 2026-04-14 14:10:31,900] Trial 49 finished with value: 9.130397956311791 and parameters: {'n_estimators': 3500, 'learning_rate': 0.020515322244979775, 'max_depth': 7, 'min_child_weight': 2.911198847397263, 'subsample': 0.8443889877456066, 'colsample_bytree': 0.6940906574129326, 'reg_alpha': 0.9912082753016519, 'reg_lambda': 0.0007073727670020202, 'gamma': 3.83684583156986, 'max_bin': 192}. Best is trial 41 with value: 9.121759536646529.
daycon-xgb-gpu  | 
daycon-xgb-gpu  | ==============================
daycon-xgb-gpu  | Best trial score: 9.12176
daycon-xgb-gpu  | Best params:
daycon-xgb-gpu  |   n_estimators: 3500
daycon-xgb-gpu  |   learning_rate: 0.015729916682651317
daycon-xgb-gpu  |   max_depth: 7
daycon-xgb-gpu  |   min_child_weight: 2.4594333048724955
daycon-xgb-gpu  |   subsample: 0.8358229392037508
daycon-xgb-gpu  |   colsample_bytree: 0.6734270765608729
daycon-xgb-gpu  |   reg_alpha: 0.661686449797755
daycon-xgb-gpu  |   reg_lambda: 0.0002961767376379512
daycon-xgb-gpu  |   gamma: 4.426470623298348
daycon-xgb-gpu  |   max_bin: 256
daycon-xgb-gpu  | ==============================
daycon-xgb-gpu  | 
daycon-xgb-gpu  | ========== Fold 1 ==========
daycon-xgb-gpu  | [0]   validation_0-mae:14.11222
daycon-xgb-gpu  | [100] validation_0-mae:9.11657
daycon-xgb-gpu  | [200] validation_0-mae:8.77947
daycon-xgb-gpu  | [300] validation_0-mae:8.74762
daycon-xgb-gpu  | [400] validation_0-mae:8.74382
daycon-xgb-gpu  | [485] validation_0-mae:8.74386
daycon-xgb-gpu  | Fold 1 MAE : 8.742545
daycon-xgb-gpu  | Fold 1 RMSE: 21.133524
daycon-xgb-gpu  | 
daycon-xgb-gpu  | ========== Fold 2 ==========
daycon-xgb-gpu  | [0]   validation_0-mae:14.40094
daycon-xgb-gpu  | [100] validation_0-mae:9.38521
daycon-xgb-gpu  | [200] validation_0-mae:9.06607
daycon-xgb-gpu  | [300] validation_0-mae:9.03188
daycon-xgb-gpu  | [400] validation_0-mae:9.02978
daycon-xgb-gpu  | [500] validation_0-mae:9.02796
daycon-xgb-gpu  | [558] validation_0-mae:9.02905
daycon-xgb-gpu  | Fold 2 MAE : 9.026727
daycon-xgb-gpu  | Fold 2 RMSE: 22.474703
daycon-xgb-gpu  | 
daycon-xgb-gpu  | ========== Fold 3 ==========
daycon-xgb-gpu  | [0]   validation_0-mae:14.50150
daycon-xgb-gpu  | [100] validation_0-mae:9.59757
daycon-xgb-gpu  | [200] validation_0-mae:9.28688
daycon-xgb-gpu  | [300] validation_0-mae:9.25846
daycon-xgb-gpu  | [400] validation_0-mae:9.25325
daycon-xgb-gpu  | [500] validation_0-mae:9.25049
daycon-xgb-gpu  | [600] validation_0-mae:9.25547
daycon-xgb-gpu  | [612] validation_0-mae:9.25590
daycon-xgb-gpu  | Fold 3 MAE : 9.250238
daycon-xgb-gpu  | Fold 3 RMSE: 24.790478
daycon-xgb-gpu  | 
daycon-xgb-gpu  | ========== Fold 4 ==========
daycon-xgb-gpu  | [0]   validation_0-mae:14.59568
daycon-xgb-gpu  | [100] validation_0-mae:9.59959
daycon-xgb-gpu  | [200] validation_0-mae:9.28583
daycon-xgb-gpu  | [300] validation_0-mae:9.25591
daycon-xgb-gpu  | [400] validation_0-mae:9.25244
daycon-xgb-gpu  | [467] validation_0-mae:9.25480
daycon-xgb-gpu  | Fold 4 MAE : 9.251279
daycon-xgb-gpu  | Fold 4 RMSE: 23.241533
daycon-xgb-gpu  | 
daycon-xgb-gpu  | ========== Fold 5 ==========
daycon-xgb-gpu  | [0]   validation_0-mae:14.77779
daycon-xgb-gpu  | [100] validation_0-mae:9.71538
daycon-xgb-gpu  | [200] validation_0-mae:9.40207
daycon-xgb-gpu  | [300] validation_0-mae:9.36511
daycon-xgb-gpu  | [400] validation_0-mae:9.35664
daycon-xgb-gpu  | [500] validation_0-mae:9.35121
daycon-xgb-gpu  | [600] validation_0-mae:9.34702
daycon-xgb-gpu  | [700] validation_0-mae:9.34085
daycon-xgb-gpu  | [800] validation_0-mae:9.33939
daycon-xgb-gpu  | [900] validation_0-mae:9.34149
daycon-xgb-gpu  | [909] validation_0-mae:9.34200
daycon-xgb-gpu  | Fold 5 MAE : 9.338008
daycon-xgb-gpu  | Fold 5 RMSE: 24.126944
daycon-xgb-gpu  | 
daycon-xgb-gpu  | ==============================
daycon-xgb-gpu  | CV MAE : 9.12176
daycon-xgb-gpu  | CV RMSE: 23.188722
daycon-xgb-gpu  | ==============================
daycon-xgb-gpu  | Fold 1: MAE=8.742545, RMSE=21.133524
daycon-xgb-gpu  | Fold 2: MAE=9.026727, RMSE=22.474703
daycon-xgb-gpu  | Fold 3: MAE=9.250238, RMSE=24.790478
daycon-xgb-gpu  | Fold 4: MAE=9.251279, RMSE=23.241533
daycon-xgb-gpu  | Fold 5: MAE=9.338008, RMSE=24.126944
daycon-xgb-gpu  | 
daycon-xgb-gpu  | Top 40 features:
daycon-xgb-gpu  |                        feature  importance
daycon-xgb-gpu  | 29              charging_ratio    0.327841
daycon-xgb-gpu  | 68            layout_x_density    0.105355
daycon-xgb-gpu  | 101                 robot_idle    0.063567
daycon-xgb-gpu  | 58                  idle_ratio    0.038761
daycon-xgb-gpu  | 61   intersection_x_congestion    0.037213
daycon-xgb-gpu  | 75            max_zone_density    0.035215
daycon-xgb-gpu  | 99              robot_charging    0.032944
daycon-xgb-gpu  | 86            pack_utilization    0.031734
daycon-xgb-gpu  | 34            congestion_score    0.022660
daycon-xgb-gpu  | 81      order_per_pack_station    0.014579
daycon-xgb-gpu  | 28           charging_pressure    0.008142
daycon-xgb-gpu  | 40        dispersion_x_density    0.008044
daycon-xgb-gpu  | 72           low_battery_ratio    0.007863
daycon-xgb-gpu  | 76          near_collision_15m    0.007206
daycon-xgb-gpu  | 19            blocked_path_15m    0.006696
daycon-xgb-gpu  | 80      order_per_active_robot    0.006644
daycon-xgb-gpu  | 0                 active_ratio    0.006584
daycon-xgb-gpu  | 18        battery_x_congestion    0.005993
daycon-xgb-gpu  | 97                robot_active    0.005708
daycon-xgb-gpu  | 65          layout_compactness    0.005300
daycon-xgb-gpu  | 85          pack_station_count    0.004807
daycon-xgb-gpu  | 120            utilization_gap    0.004645
daycon-xgb-gpu  | 35        congestion_x_density    0.004272
daycon-xgb-gpu  | 11           avg_trip_distance    0.004070
daycon-xgb-gpu  | 79            order_inflow_15m    0.003969
daycon-xgb-gpu  | 127            zone_dispersion    0.003825
daycon-xgb-gpu  | 103          robot_utilization    0.003685
daycon-xgb-gpu  | 84     outbound_truck_wait_min    0.003589
daycon-xgb-gpu  | 8          avg_items_per_order    0.003427
daycon-xgb-gpu  | 109          sku_concentration    0.003024
daycon-xgb-gpu  | 56           idle_minus_active    0.002971
daycon-xgb-gpu  | 67                 layout_type    0.002930
daycon-xgb-gpu  | 66                   layout_id    0.002859
daycon-xgb-gpu  | 102                robot_total    0.002812
daycon-xgb-gpu  | 4              aisle_width_avg    0.002795
daycon-xgb-gpu  | 106                scenario_id    0.002778
daycon-xgb-gpu  | 50              floor_area_sqm    0.002776
daycon-xgb-gpu  | 24            ceiling_height_m    0.002724
daycon-xgb-gpu  | 42        emergency_exit_count    0.002701
daycon-xgb-gpu  | 78               one_way_ratio    0.002689
daycon-xgb-gpu  | 
daycon-xgb-gpu  | Saved: submission_xgb_fe.csv
daycon-xgb-gpu  | Saved: feature_importance_xgb.csv
daycon-xgb-gpu  | 
daycon-xgb-gpu  | ===== sanity check =====
daycon-xgb-gpu  | y stats
daycon-xgb-gpu  | count    250000.000000
daycon-xgb-gpu  | mean         18.962296
daycon-xgb-gpu  | std          27.351374
daycon-xgb-gpu  | min           0.000000
daycon-xgb-gpu  | 25%           4.278801
daycon-xgb-gpu  | 50%           9.032652
daycon-xgb-gpu  | 75%          25.791869
daycon-xgb-gpu  | max         715.858119
daycon-xgb-gpu  | Name: avg_delay_minutes_next_30m, dtype: float64
daycon-xgb-gpu  | 
daycon-xgb-gpu  | oof_pred stats
daycon-xgb-gpu  | count    250000.000000
daycon-xgb-gpu  | mean         14.941928
daycon-xgb-gpu  | std          12.483077
daycon-xgb-gpu  | min           0.000000
daycon-xgb-gpu  | 25%           4.859689
daycon-xgb-gpu  | 50%           8.395420
daycon-xgb-gpu  | 75%          29.510210
daycon-xgb-gpu  | max          58.564747
daycon-xgb-gpu  | dtype: float64
daycon-xgb-gpu  | 
daycon-xgb-gpu  | test_pred stats
daycon-xgb-gpu  | count    50000.000000
daycon-xgb-gpu  | mean        17.667939
daycon-xgb-gpu  | std         12.539667
daycon-xgb-gpu  | min          1.109233
daycon-xgb-gpu  | 25%          5.449263
daycon-xgb-gpu  | 50%         13.276698
daycon-xgb-gpu  | 75%         31.273147
daycon-xgb-gpu  | max         49.760021
daycon-xgb-gpu  | dtype: float64
daycon-xgb-gpu exited with code 0
