docker compose up --build
[+] Building 1.7s (15/15) FINISHED                                                                                                                                    
 => [internal] load local bake definitions                                                                                                                       0.0s
 => => reading from stdin 507B                                                                                                                                   0.0s
 => [internal] load build definition from dockerfile                                                                                                             0.0s
 => => transferring dockerfile: 698B                                                                                                                             0.0s
 => [internal] load metadata for nvcr.io/nvidia/cuda:12.8.1-runtime-ubuntu24.04                                                                                  1.2s
 => [internal] load .dockerignore                                                                                                                                0.0s
 => => transferring context: 2B                                                                                                                                  0.0s
 => [1/8] FROM nvcr.io/nvidia/cuda:12.8.1-runtime-ubuntu24.04@sha256:ebef3c171eeef0298e4eb2e4be843105edf3b8b0ac45e0b43acee358e8046867                            0.0s
 => [internal] load build context                                                                                                                                0.0s
 => => transferring context: 1.54MB                                                                                                                              0.0s
 => CACHED [2/8] WORKDIR /workspace                                                                                                                              0.0s
 => CACHED [3/8] RUN apt-get update && apt-get install -y --no-install-recommends     python3     python3-pip     python3-dev     python3-venv     build-essent  0.0s
 => CACHED [4/8] RUN python3 -m venv /opt/venv                                                                                                                   0.0s
 => CACHED [5/8] RUN pip install --upgrade pip setuptools wheel                                                                                                  0.0s
 => CACHED [6/8] COPY requirements.txt /tmp/requirements.txt                                                                                                     0.0s
 => CACHED [7/8] RUN pip install --no-cache-dir -r /tmp/requirements.txt                                                                                         0.0s
 => [8/8] COPY . /workspace                                                                                                                                      0.1s
 => exporting to image                                                                                                                                           0.2s
 => => exporting layers                                                                                                                                          0.2s
 => => writing image sha256:be7c6c726dd06bf6a7682e2e5b4cb00bb392079c72463f0db69bca3ac937cbca                                                                     0.0s
 => => naming to docker.io/library/daycon-xgb-gpu                                                                                                                0.0s
 => resolving provenance for metadata file                                                                                                                       0.0s
WARN[0001] Found orphan containers ([daycon-lgbm-gpu]) for this project. If you removed or renamed this service in your compose file, you can run this command with the --remove-orphans flag to clean it up. 
[+] up 2/2
 ✔ Image daycon-xgb-gpu     Built                                                                                                                                1.8s 
 ✔ Container daycon-xgb-gpu Recreated                                                                                                                            0.1s 
Attaching to daycon-xgb-gpu
daycon-xgb-gpu  | 
daycon-xgb-gpu  | ==========
daycon-xgb-gpu  | == CUDA ==
daycon-xgb-gpu  | ==========
daycon-xgb-gpu  | 
daycon-xgb-gpu  | CUDA Version 12.8.1
daycon-xgb-gpu  | 
daycon-xgb-gpu  | Container image Copyright (c) 2016-2023, NVIDIA CORPORATION & AFFILIATES. All rights reserved.
daycon-xgb-gpu  | 
daycon-xgb-gpu  | This container image and its contents are governed by the NVIDIA Deep Learning Container License.
daycon-xgb-gpu  | By pulling and using the container, you accept the terms and conditions of this license:
daycon-xgb-gpu  | https://developer.nvidia.com/ngc/nvidia-deep-learning-container-license
daycon-xgb-gpu  | 
daycon-xgb-gpu  | A copy of this license is made available in this container at /NGC-DL-CONTAINER-LICENSE for your convenience.
daycon-xgb-gpu  | 
daycon-xgb-gpu  | train shape: (250000, 94)
daycon-xgb-gpu  | test shape : (50000, 93)
daycon-xgb-gpu  | layout shape: (300, 15)
daycon-xgb-gpu  | after merge - train: (250000, 108)
daycon-xgb-gpu  | after merge - test : (50000, 107)
daycon-xgb-gpu  | after feature engineering - train: (250000, 131)
daycon-xgb-gpu  | after feature engineering - test : (50000, 130)
daycon-xgb-gpu  | derived feature mode: core_plus
daycon-xgb-gpu  | kept derived features (13): ['charging_ratio', 'layout_x_density', 'idle_ratio', 'intersection_x_congestion', 'order_per_pack_station', 'charging_pressure', 'dispersion_x_density', 'order_per_active_robot', 'active_ratio', 'battery_x_congestion', 'utilization_gap', 'congestion_x_density', 'idle_minus_active']
daycon-xgb-gpu  | dropped derived features (10): ['collision_x_density', 'blocked_x_congestion', 'blocked_x_collision', 'fault_x_congestion', 'fault_x_density', 'order_per_robot', 'sku_per_order', 'battery_risk_score', 'trip_x_recovery', 'idle_plus_charging']
daycon-xgb-gpu  | num features: 119
daycon-xgb-gpu  | encoded categorical columns: ['layout_id', 'scenario_id', 'layout_type']
daycon-xgb-gpu  |    layout_id  scenario_id  layout_type
daycon-xgb-gpu  | 0          0            0            0
daycon-xgb-gpu  | 1          0            0            0
daycon-xgb-gpu  | 2          0            0            0
daycon-xgb-gpu  | 3          0            0            0
daycon-xgb-gpu  | 4          0            0            0
daycon-xgb-gpu  | 
daycon-xgb-gpu  | ==============================
daycon-xgb-gpu  | Optuna tuning start
daycon-xgb-gpu  | ==============================
daycon-xgb-gpu  | [I 2026-04-15 07:32:48,021] A new study created in memory with name: xgb_groupkfold_mae
daycon-xgb-gpu  | [I 2026-04-15 07:33:04,047] Trial 0 finished with value: 9.149953396286486 and parameters: {'n_estimators': 3750, 'learning_rate': 0.047119379497769384, 'max_depth': 8, 'min_child_weight': 3.860670017258661, 'subsample': 0.7987222368530924, 'colsample_bytree': 0.6733991780504304, 'reg_alpha': 0.0014936568554617625, 'reg_lambda': 0.029154431891537533, 'gamma': 5.3033450352296265, 'max_bin': 256}. Best is trial 0 with value: 9.149953396286486.
daycon-xgb-gpu  | [I 2026-04-15 07:33:17,792] Trial 1 finished with value: 9.148795213200392 and parameters: {'n_estimators': 3000, 'learning_rate': 0.04822103254591565, 'max_depth': 8, 'min_child_weight': 2.525465840292735, 'subsample': 0.8018189960648521, 'colsample_bytree': 0.6775106764780151, 'reg_alpha': 0.008179499475211672, 'reg_lambda': 0.0012561043700013551, 'gamma': 4.795835055926347, 'max_bin': 192}. Best is trial 1 with value: 9.148795213200392.
daycon-xgb-gpu  | [I 2026-04-15 07:33:37,740] Trial 2 finished with value: 9.139123882553594 and parameters: {'n_estimators': 4250, 'learning_rate': 0.017743105460380697, 'max_depth': 6, 'min_child_weight': 2.9910868122043843, 'subsample': 0.8347283981060444, 'colsample_bytree': 0.767776394208952, 'reg_alpha': 0.00397211072738191, 'reg_lambda': 0.0011400863701127321, 'gamma': 5.277243706586127, 'max_bin': 128}. Best is trial 2 with value: 9.139123882553594.
daycon-xgb-gpu  | [I 2026-04-15 07:33:59,499] Trial 3 finished with value: 9.137456857414078 and parameters: {'n_estimators': 4250, 'learning_rate': 0.018418518680359416, 'max_depth': 6, 'min_child_weight': 5.672355663111395, 'subsample': 0.8958758439689471, 'colsample_bytree': 0.7712596022174693, 'reg_alpha': 0.008200518402245833, 'reg_lambda': 2.458603276328006e-05, 'gamma': 5.55269907953647, 'max_bin': 192}. Best is trial 3 with value: 9.137456857414078.
daycon-xgb-gpu  | [I 2026-04-15 07:34:16,459] Trial 4 finished with value: 9.14281309011782 and parameters: {'n_estimators': 3250, 'learning_rate': 0.027227561050620564, 'max_depth': 6, 'min_child_weight': 5.43107858479025, 'subsample': 0.811053597792002, 'colsample_bytree': 0.7493783426530973, 'reg_alpha': 0.00861257919259488, 'reg_lambda': 0.0012030178871154666, 'gamma': 5.1401308380298385, 'max_bin': 128}. Best is trial 3 with value: 9.137456857414078.
daycon-xgb-gpu  | [I 2026-04-15 07:34:32,968] Trial 5 finished with value: 9.137964562934695 and parameters: {'n_estimators': 5000, 'learning_rate': 0.03814097029383143, 'max_depth': 8, 'min_child_weight': 5.345288421304029, 'subsample': 0.8517479974573302, 'colsample_bytree': 0.7882811352534675, 'reg_alpha': 0.0018427970406864537, 'reg_lambda': 6.080390190296599e-05, 'gamma': 3.6356818667316144, 'max_bin': 192}. Best is trial 3 with value: 9.137456857414078.
daycon-xgb-gpu  | [I 2026-04-15 07:35:01,305] Trial 6 finished with value: 9.126560656952313 and parameters: {'n_estimators': 3750, 'learning_rate': 0.020795717078930326, 'max_depth': 8, 'min_child_weight': 2.9596788602422293, 'subsample': 0.8137121411624857, 'colsample_bytree': 0.7314044124737373, 'reg_alpha': 0.0026471141828218157, 'reg_lambda': 0.016172900811143146, 'gamma': 3.7236519310393126, 'max_bin': 320}. Best is trial 6 with value: 9.126560656952313.
daycon-xgb-gpu  | [I 2026-04-15 07:35:20,611] Trial 7 finished with value: 9.14112599944661 and parameters: {'n_estimators': 4500, 'learning_rate': 0.019054408220657817, 'max_depth': 6, 'min_child_weight': 4.898960926411994, 'subsample': 0.864822881261714, 'colsample_bytree': 0.7593510752061481, 'reg_alpha': 0.20597335357437188, 'reg_lambda': 1.97778285124627e-05, 'gamma': 4.575397185632818, 'max_bin': 128}. Best is trial 6 with value: 9.126560656952313.
daycon-xgb-gpu  | [I 2026-04-15 07:35:34,664] Trial 8 finished with value: 9.13852475171117 and parameters: {'n_estimators': 4750, 'learning_rate': 0.031768784709818566, 'max_depth': 6, 'min_child_weight': 2.144643129256993, 'subsample': 0.8173178786058795, 'colsample_bytree': 0.698777498304012, 'reg_alpha': 0.15446089075047073, 'reg_lambda': 0.003550012525851159, 'gamma': 6.16163822772898, 'max_bin': 192}. Best is trial 6 with value: 9.126560656952313.
daycon-xgb-gpu  | [I 2026-04-15 07:35:49,989] Trial 9 finished with value: 9.137078955469649 and parameters: {'n_estimators': 3250, 'learning_rate': 0.035402326125680936, 'max_depth': 8, 'min_child_weight': 3.7053332738510423, 'subsample': 0.8725160615945473, 'colsample_bytree': 0.7240693394546587, 'reg_alpha': 0.03699972431463808, 'reg_lambda': 0.0005130551760589835, 'gamma': 3.5762573802322857, 'max_bin': 128}. Best is trial 6 with value: 9.126560656952313.
daycon-xgb-gpu  | [I 2026-04-15 07:36:11,845] Trial 10 finished with value: 9.123921421153323 and parameters: {'n_estimators': 3750, 'learning_rate': 0.023242172956514397, 'max_depth': 7, 'min_child_weight': 2.927655207590609, 'subsample': 0.782655705022777, 'colsample_bytree': 0.7255831767766429, 'reg_alpha': 0.7573772188483915, 'reg_lambda': 0.07795612091139291, 'gamma': 4.130743770733919, 'max_bin': 320}. Best is trial 10 with value: 9.123921421153323.
daycon-xgb-gpu  | [I 2026-04-15 07:36:34,200] Trial 11 finished with value: 9.122944227452257 and parameters: {'n_estimators': 3750, 'learning_rate': 0.023029461933920775, 'max_depth': 7, 'min_child_weight': 3.004672108907854, 'subsample': 0.7821575056832242, 'colsample_bytree': 0.7199671821704673, 'reg_alpha': 0.9394008801148026, 'reg_lambda': 0.09901967052454855, 'gamma': 4.147508122138657, 'max_bin': 320}. Best is trial 11 with value: 9.122944227452257.
daycon-xgb-gpu  | [I 2026-04-15 07:36:57,922] Trial 12 finished with value: 9.123324812182204 and parameters: {'n_estimators': 3750, 'learning_rate': 0.02451108806162675, 'max_depth': 7, 'min_child_weight': 3.033114847239507, 'subsample': 0.7818201817901668, 'colsample_bytree': 0.7087159186608155, 'reg_alpha': 0.9464788475109301, 'reg_lambda': 0.09639757903159507, 'gamma': 4.249238318254174, 'max_bin': 320}. Best is trial 11 with value: 9.122944227452257.
daycon-xgb-gpu  | [I 2026-04-15 07:37:31,752] Trial 13 finished with value: 9.119474116548322 and parameters: {'n_estimators': 3500, 'learning_rate': 0.015291768660166861, 'max_depth': 7, 'min_child_weight': 4.145293670501575, 'subsample': 0.7857995245245669, 'colsample_bytree': 0.6965055840658403, 'reg_alpha': 0.9141865175321561, 'reg_lambda': 0.07266943511144083, 'gamma': 4.401995291420573, 'max_bin': 320}. Best is trial 13 with value: 9.119474116548322.
daycon-xgb-gpu  | [I 2026-04-15 07:37:58,869] Trial 14 finished with value: 9.124256835484431 and parameters: {'n_estimators': 3250, 'learning_rate': 0.015507076630719053, 'max_depth': 7, 'min_child_weight': 4.384376784334485, 'subsample': 0.834279157545313, 'colsample_bytree': 0.6568008987614326, 'reg_alpha': 0.22902538153590943, 'reg_lambda': 0.011149912088964539, 'gamma': 4.265455913273934, 'max_bin': 256}. Best is trial 13 with value: 9.119474116548322.
daycon-xgb-gpu  | [I 2026-04-15 07:38:24,705] Trial 15 finished with value: 9.12660887751765 and parameters: {'n_estimators': 3500, 'learning_rate': 0.01602862240296631, 'max_depth': 7, 'min_child_weight': 4.215116193332563, 'subsample': 0.7913967243340513, 'colsample_bytree': 0.6926436771648999, 'reg_alpha': 0.06507763657107024, 'reg_lambda': 0.005582379208103542, 'gamma': 4.601114947149159, 'max_bin': 256}. Best is trial 13 with value: 9.119474116548322.
daycon-xgb-gpu  | [I 2026-04-15 07:38:49,672] Trial 16 finished with value: 9.120329828949584 and parameters: {'n_estimators': 4000, 'learning_rate': 0.02262979105985006, 'max_depth': 7, 'min_child_weight': 3.387964857952533, 'subsample': 0.7805965556700787, 'colsample_bytree': 0.7087086668811031, 'reg_alpha': 0.4789895987502719, 'reg_lambda': 0.04007803446404777, 'gamma': 4.027732186403201, 'max_bin': 320}. Best is trial 13 with value: 9.119474116548322.
daycon-xgb-gpu  | [I 2026-04-15 07:39:06,033] Trial 17 finished with value: 9.131130080243432 and parameters: {'n_estimators': 4250, 'learning_rate': 0.02895160699648907, 'max_depth': 7, 'min_child_weight': 3.5191126207297536, 'subsample': 0.8245941134238419, 'colsample_bytree': 0.6501176613704839, 'reg_alpha': 0.394405001796881, 'reg_lambda': 0.0002491241726002472, 'gamma': 3.9187983114112304, 'max_bin': 256}. Best is trial 13 with value: 9.119474116548322.
daycon-xgb-gpu  | [I 2026-04-15 07:39:36,905] Trial 18 finished with value: 9.12316609767543 and parameters: {'n_estimators': 4000, 'learning_rate': 0.015134514582250909, 'max_depth': 7, 'min_child_weight': 4.399502483492795, 'subsample': 0.7962155351442018, 'colsample_bytree': 0.6839061952644222, 'reg_alpha': 0.09231918923138606, 'reg_lambda': 0.028231116651839496, 'gamma': 6.400706132306786, 'max_bin': 320}. Best is trial 13 with value: 9.119474116548322.
daycon-xgb-gpu  | [I 2026-04-15 07:39:58,976] Trial 19 finished with value: 9.12496129824782 and parameters: {'n_estimators': 3000, 'learning_rate': 0.021431620633703026, 'max_depth': 7, 'min_child_weight': 2.5621222490452866, 'subsample': 0.8063457650706167, 'colsample_bytree': 0.7457569108567096, 'reg_alpha': 0.3964986177224441, 'reg_lambda': 0.00418964901175965, 'gamma': 4.541071561413505, 'max_bin': 320}. Best is trial 13 with value: 9.119474116548322.
daycon-xgb-gpu  | [I 2026-04-15 07:40:19,500] Trial 20 finished with value: 9.126689902283037 and parameters: {'n_estimators': 4000, 'learning_rate': 0.026423500290821293, 'max_depth': 7, 'min_child_weight': 3.3430766618416254, 'subsample': 0.8454143570365521, 'colsample_bytree': 0.7048925616557005, 'reg_alpha': 0.023564162288731202, 'reg_lambda': 0.03269700896149421, 'gamma': 5.704334087965766, 'max_bin': 256}. Best is trial 13 with value: 9.119474116548322.
daycon-xgb-gpu  | [I 2026-04-15 07:40:43,406] Trial 21 finished with value: 9.123956134807688 and parameters: {'n_estimators': 3500, 'learning_rate': 0.021765802592656626, 'max_depth': 7, 'min_child_weight': 2.576933556468482, 'subsample': 0.7815698819564657, 'colsample_bytree': 0.7115595722999309, 'reg_alpha': 0.5156502928259115, 'reg_lambda': 0.06455004893956974, 'gamma': 3.9930309575785072, 'max_bin': 320}. Best is trial 13 with value: 9.119474116548322.
daycon-xgb-gpu  | [I 2026-04-15 07:41:08,711] Trial 22 finished with value: 9.123665541683184 and parameters: {'n_estimators': 3500, 'learning_rate': 0.01974213090023372, 'max_depth': 7, 'min_child_weight': 3.3503544183586325, 'subsample': 0.790221008267992, 'colsample_bytree': 0.7188150557125084, 'reg_alpha': 0.9390756914823671, 'reg_lambda': 0.013866802872018321, 'gamma': 4.335620967314524, 'max_bin': 320}. Best is trial 13 with value: 9.119474116548322.
daycon-xgb-gpu  | [I 2026-04-15 07:41:36,248] Trial 23 finished with value: 9.123289356801568 and parameters: {'n_estimators': 4000, 'learning_rate': 0.017237952588448305, 'max_depth': 7, 'min_child_weight': 4.019048726571798, 'subsample': 0.7909673963461951, 'colsample_bytree': 0.7380866583273762, 'reg_alpha': 0.3759740164610651, 'reg_lambda': 0.04838961744081924, 'gamma': 4.848678719667181, 'max_bin': 320}. Best is trial 13 with value: 9.119474116548322.
daycon-xgb-gpu  | [I 2026-04-15 07:41:54,929] Trial 24 finished with value: 9.129319084301184 and parameters: {'n_estimators': 3500, 'learning_rate': 0.024349929035232, 'max_depth': 7, 'min_child_weight': 4.858317315064011, 'subsample': 0.7802177390249301, 'colsample_bytree': 0.6892974861836417, 'reg_alpha': 0.11833961430366832, 'reg_lambda': 0.01194500586405462, 'gamma': 3.8821848363616054, 'max_bin': 256}. Best is trial 13 with value: 9.119474116548322.
daycon-xgb-gpu  | [I 2026-04-15 07:42:12,218] Trial 25 finished with value: 9.135200589622084 and parameters: {'n_estimators': 4500, 'learning_rate': 0.029491807295920762, 'max_depth': 7, 'min_child_weight': 2.2593896915872445, 'subsample': 0.802351789354561, 'colsample_bytree': 0.6702111939662965, 'reg_alpha': 0.28125964768717865, 'reg_lambda': 0.040911038406975055, 'gamma': 4.461426543987037, 'max_bin': 320}. Best is trial 13 with value: 9.119474116548322.
daycon-xgb-gpu  | [I 2026-04-15 07:42:35,820] Trial 26 finished with value: 9.129904166962678 and parameters: {'n_estimators': 3750, 'learning_rate': 0.02264514872851876, 'max_depth': 6, 'min_child_weight': 3.1784612347493866, 'subsample': 0.8206029409268659, 'colsample_bytree': 0.700838964039891, 'reg_alpha': 0.5668869019659768, 'reg_lambda': 0.09475260789521403, 'gamma': 4.8293087684456, 'max_bin': 320}. Best is trial 13 with value: 9.119474116548322.
daycon-xgb-gpu  | [I 2026-04-15 07:42:56,034] Trial 27 finished with value: 9.136761463909458 and parameters: {'n_estimators': 4000, 'learning_rate': 0.03193965486018109, 'max_depth': 8, 'min_child_weight': 2.7572614367177986, 'subsample': 0.7914395119163461, 'colsample_bytree': 0.7139391345865164, 'reg_alpha': 0.5929895401416417, 'reg_lambda': 0.00732341215983616, 'gamma': 4.144881736734213, 'max_bin': 256}. Best is trial 13 with value: 9.119474116548322.
daycon-xgb-gpu  | [I 2026-04-15 07:43:23,686] Trial 28 finished with value: 9.122666013402327 and parameters: {'n_estimators': 4250, 'learning_rate': 0.016793886688210306, 'max_depth': 7, 'min_child_weight': 3.6664801948309393, 'subsample': 0.8903514533627495, 'colsample_bytree': 0.6639953888181266, 'reg_alpha': 0.05821253714574073, 'reg_lambda': 0.02227015762723597, 'gamma': 3.8007253980599227, 'max_bin': 320}. Best is trial 13 with value: 9.119474116548322.
daycon-xgb-gpu  | [I 2026-04-15 07:43:54,725] Trial 29 finished with value: 9.128540956915572 and parameters: {'n_estimators': 4500, 'learning_rate': 0.016706119822259613, 'max_depth': 8, 'min_child_weight': 3.64701736870883, 'subsample': 0.8997940303399204, 'colsample_bytree': 0.6630372838143277, 'reg_alpha': 0.030110972775899823, 'reg_lambda': 0.002568785096836482, 'gamma': 3.7817022871044017, 'max_bin': 256}. Best is trial 13 with value: 9.119474116548322.
daycon-xgb-gpu  | [I 2026-04-15 07:44:08,648] Trial 30 finished with value: 9.132074853760106 and parameters: {'n_estimators': 4250, 'learning_rate': 0.041190526763997024, 'max_depth': 7, 'min_child_weight': 3.8783089637904298, 'subsample': 0.8865379850428656, 'colsample_bytree': 0.6706875460857419, 'reg_alpha': 0.06348852990094207, 'reg_lambda': 0.0258462853940656, 'gamma': 3.5123734314293875, 'max_bin': 320}. Best is trial 13 with value: 9.119474116548322.
daycon-xgb-gpu  | [I 2026-04-15 07:44:33,083] Trial 31 finished with value: 9.127478681641847 and parameters: {'n_estimators': 3750, 'learning_rate': 0.019443998654520574, 'max_depth': 7, 'min_child_weight': 3.2907617002331544, 'subsample': 0.8775336396129992, 'colsample_bytree': 0.6787370369509202, 'reg_alpha': 0.3012126575434313, 'reg_lambda': 0.025119663485461255, 'gamma': 4.022791549245381, 'max_bin': 320}. Best is trial 13 with value: 9.119474116548322.
