docker compose up --build
[+] Building 1.7s (15/15) FINISHED                                                               
 => [internal] load local bake definitions                                                  0.0s
 => => reading from stdin 507B                                                              0.0s
 => [internal] load build definition from dockerfile                                        0.0s
 => => transferring dockerfile: 698B                                                        0.0s
 => [internal] load metadata for nvcr.io/nvidia/cuda:12.8.1-runtime-ubuntu24.04             1.2s
 => [internal] load .dockerignore                                                           0.0s
 => => transferring context: 2B                                                             0.0s
 => [1/8] FROM nvcr.io/nvidia/cuda:12.8.1-runtime-ubuntu24.04@sha256:ebef3c171eeef0298e4eb  0.0s
 => [internal] load build context                                                           0.0s
 => => transferring context: 1.54MB                                                         0.0s
 => CACHED [2/8] WORKDIR /workspace                                                         0.0s
 => CACHED [3/8] RUN apt-get update && apt-get install -y --no-install-recommends     pyth  0.0s
 => CACHED [4/8] RUN python3 -m venv /opt/venv                                              0.0s
 => CACHED [5/8] RUN pip install --upgrade pip setuptools wheel                             0.0s
 => CACHED [6/8] COPY requirements.txt /tmp/requirements.txt                                0.0s
 => CACHED [7/8] RUN pip install --no-cache-dir -r /tmp/requirements.txt                    0.0s
 => [8/8] COPY . /workspace                                                                 0.1s
 => exporting to image                                                                      0.3s
 => => exporting layers                                                                     0.2s
 => => writing image sha256:e79c523ccbb51c96b57e5feb8bbb745bad7355897b9a3af36dc9f31879e80e  0.0s
 => => naming to docker.io/library/daycon-xgb-gpu                                           0.0s
 => resolving provenance for metadata file                                                  0.0s
WARN[0001] Found orphan containers ([daycon-lgbm-gpu]) for this project. If you removed or renamed this service in your compose file, you can run this command with the --remove-orphans flag to clean it up. 
[+] up 2/2
 ✔ Image daycon-xgb-gpu     Built                                                           1.8s 
 ✔ Container daycon-xgb-gpu Recreated                                                       0.1s 
Attaching to daycon-xgb-gpu
daycon-xgb-gpu  | 
daycon-xgb-gpu  | ==========
daycon-xgb-gpu  | == CUDA ==
daycon-xgb-gpu  | ==========
daycon-xgb-gpu  | 
daycon-xgb-gpu  | CUDA Version 12.8.1
daycon-xgb-gpu  | 
daycon-xgb-gpu  | Container image Copyright (c) 2016-2023, NVIDIA CORPORATION & AFFILIATES. All rights reserved.
daycon-xgb-gpu  | 
daycon-xgb-gpu  | This container image and its contents are governed by the NVIDIA Deep Learning Container License.
daycon-xgb-gpu  | By pulling and using the container, you accept the terms and conditions of this license:
daycon-xgb-gpu  | https://developer.nvidia.com/ngc/nvidia-deep-learning-container-license
daycon-xgb-gpu  | 
daycon-xgb-gpu  | A copy of this license is made available in this container at /NGC-DL-CONTAINER-LICENSE for your convenience.
daycon-xgb-gpu  | 
daycon-xgb-gpu  | train shape: (250000, 94)
daycon-xgb-gpu  | test shape : (50000, 93)
daycon-xgb-gpu  | layout shape: (300, 15)
daycon-xgb-gpu  | after merge - train: (250000, 108)
daycon-xgb-gpu  | after merge - test : (50000, 107)
daycon-xgb-gpu  | after feature engineering - train: (250000, 131)
daycon-xgb-gpu  | after feature engineering - test : (50000, 130)
daycon-xgb-gpu  | derived feature mode: lite
daycon-xgb-gpu  | kept derived features (10): ['charging_ratio', 'layout_x_density', 'idle_ratio', 'intersection_x_congestion', 'order_per_pack_station', 'charging_pressure', 'dispersion_x_density', 'order_per_active_robot', 'active_ratio', 'battery_x_congestion']
daycon-xgb-gpu  | dropped derived features (13): ['utilization_gap', 'congestion_x_density', 'collision_x_density', 'blocked_x_congestion', 'blocked_x_collision', 'fault_x_congestion', 'fault_x_density', 'order_per_robot', 'sku_per_order', 'battery_risk_score', 'trip_x_recovery', 'idle_minus_active', 'idle_plus_charging']
daycon-xgb-gpu  | num features: 116
daycon-xgb-gpu  | target transform: log1p
daycon-xgb-gpu  | encoded categorical columns: ['layout_id', 'scenario_id', 'layout_type']
daycon-xgb-gpu  |    layout_id  scenario_id  layout_type
daycon-xgb-gpu  | 0          0            0            0
daycon-xgb-gpu  | 1          0            0            0
daycon-xgb-gpu  | 2          0            0            0
daycon-xgb-gpu  | 3          0            0            0
daycon-xgb-gpu  | 4          0            0            0
daycon-xgb-gpu  | 
daycon-xgb-gpu  | ==============================
daycon-xgb-gpu  | Optuna tuning start
daycon-xgb-gpu  | ==============================
daycon-xgb-gpu  | [I 2026-04-15 14:17:42,809] A new study created in memory with name: xgb_groupkfold_mae_log_target
daycon-xgb-gpu  | [I 2026-04-15 14:17:59,297] Trial 0 finished with value: 9.129077981743974 and parameters: {'n_estimators': 3750, 'learning_rate': 0.047119379497769384, 'max_depth': 8, 'min_child_weight': 4.586256259095945, 'subsample': 0.7987222368530924, 'colsample_bytree': 0.6733991780504304, 'reg_alpha': 0.0014936568554617625, 'reg_lambda': 0.029154431891537533, 'gamma': 4.70501755284444, 'max_bin': 256}. Best is trial 0 with value: 9.129077981743974.
daycon-xgb-gpu  | [I 2026-04-15 14:18:13,758] Trial 1 finished with value: 9.129695348475726 and parameters: {'n_estimators': 3000, 'learning_rate': 0.04822103254591565, 'max_depth': 8, 'min_child_weight': 2.684546177711067, 'subsample': 0.8018189960648521, 'colsample_bytree': 0.6775106764780151, 'reg_alpha': 0.008179499475211672, 'reg_lambda': 0.0012561043700013551, 'gamma': 3.9437525838895207, 'max_bin': 192}. Best is trial 0 with value: 9.129077981743974.
daycon-xgb-gpu  | [I 2026-04-15 14:18:38,015] Trial 2 finished with value: 9.1405572294698 and parameters: {'n_estimators': 4250, 'learning_rate': 0.017743105460380697, 'max_depth': 6, 'min_child_weight': 3.3235468402367823, 'subsample': 0.8347283981060444, 'colsample_bytree': 0.767776394208952, 'reg_alpha': 0.00397211072738191, 'reg_lambda': 0.0011400863701127321, 'gamma': 4.665865559879191, 'max_bin': 128}. Best is trial 0 with value: 9.129077981743974.
daycon-xgb-gpu  | [I 2026-04-15 14:19:01,968] Trial 3 finished with value: 9.134432901699416 and parameters: {'n_estimators': 4250, 'learning_rate': 0.018418518680359416, 'max_depth': 6, 'min_child_weight': 7.452740746708707, 'subsample': 0.8958758439689471, 'colsample_bytree': 0.7712596022174693, 'reg_alpha': 0.008200518402245833, 'reg_lambda': 2.458603276328006e-05, 'gamma': 5.0790486193047055, 'max_bin': 192}. Best is trial 0 with value: 9.129077981743974.
daycon-xgb-gpu  | [I 2026-04-15 14:19:20,252] Trial 4 finished with value: 9.137030983617603 and parameters: {'n_estimators': 3250, 'learning_rate': 0.027227561050620564, 'max_depth': 6, 'min_child_weight': 7.054974186565961, 'subsample': 0.811053597792002, 'colsample_bytree': 0.7493783426530973, 'reg_alpha': 0.00861257919259488, 'reg_lambda': 0.0012030178871154666, 'gamma': 4.460196257044759, 'max_bin': 128}. Best is trial 0 with value: 9.129077981743974.
daycon-xgb-gpu  | [I 2026-04-15 14:19:38,997] Trial 5 finished with value: 9.129403226248797 and parameters: {'n_estimators': 5000, 'learning_rate': 0.03814097029383143, 'max_depth': 8, 'min_child_weight': 6.914642680181778, 'subsample': 0.8517479974573302, 'colsample_bytree': 0.7882811352534675, 'reg_alpha': 0.0018427970406864537, 'reg_lambda': 6.080390190296599e-05, 'gamma': 2.203522800097421, 'max_bin': 192}. Best is trial 0 with value: 9.129077981743974.
daycon-xgb-gpu  | [I 2026-04-15 14:20:13,741] Trial 6 finished with value: 9.112022980987652 and parameters: {'n_estimators': 3750, 'learning_rate': 0.020795717078930326, 'max_depth': 8, 'min_child_weight': 3.279569965318514, 'subsample': 0.8137121411624857, 'colsample_bytree': 0.7314044124737373, 'reg_alpha': 0.0026471141828218157, 'reg_lambda': 0.016172900811143146, 'gamma': 2.335477896558969, 'max_bin': 320}. Best is trial 6 with value: 9.112022980987652.
daycon-xgb-gpu  | [I 2026-04-15 14:20:35,743] Trial 7 finished with value: 9.137112659994184 and parameters: {'n_estimators': 4500, 'learning_rate': 0.019054408220657817, 'max_depth': 6, 'min_child_weight': 6.194220999585756, 'subsample': 0.864822881261714, 'colsample_bytree': 0.7593510752061481, 'reg_alpha': 0.20597335357437188, 'reg_lambda': 1.97778285124627e-05, 'gamma': 3.613095778449227, 'max_bin': 128}. Best is trial 6 with value: 9.112022980987652.
daycon-xgb-gpu  | [I 2026-04-15 14:20:52,112] Trial 8 finished with value: 9.132826858472313 and parameters: {'n_estimators': 4750, 'learning_rate': 0.031768784709818566, 'max_depth': 6, 'min_child_weight': 2.1842177671895397, 'subsample': 0.8173178786058795, 'colsample_bytree': 0.698777498304012, 'reg_alpha': 0.15446089075047073, 'reg_lambda': 0.003550012525851159, 'gamma': 5.99245734159347, 'max_bin': 192}. Best is trial 6 with value: 9.112022980987652.
daycon-xgb-gpu  | [I 2026-04-15 14:21:08,743] Trial 9 finished with value: 9.123648826131355 and parameters: {'n_estimators': 3250, 'learning_rate': 0.035402326125680936, 'max_depth': 8, 'min_child_weight': 4.354642836148004, 'subsample': 0.8725160615945473, 'colsample_bytree': 0.7240693394546587, 'reg_alpha': 0.03699972431463808, 'reg_lambda': 0.0005130551760589835, 'gamma': 2.1143860703484285, 'max_bin': 128}. Best is trial 6 with value: 9.112022980987652.
daycon-xgb-gpu  | [I 2026-04-15 14:21:37,134] Trial 10 finished with value: 9.11429501513844 and parameters: {'n_estimators': 3750, 'learning_rate': 0.023242172956514397, 'max_depth': 7, 'min_child_weight': 3.2348566522822066, 'subsample': 0.782655705022777, 'colsample_bytree': 0.7255831767766429, 'reg_alpha': 0.7573772188483915, 'reg_lambda': 0.07795612091139291, 'gamma': 2.9461156561008783, 'max_bin': 320}. Best is trial 6 with value: 9.112022980987652.
daycon-xgb-gpu  | [I 2026-04-15 14:22:02,713] Trial 11 finished with value: 9.114066766107515 and parameters: {'n_estimators': 3750, 'learning_rate': 0.023029461933920775, 'max_depth': 7, 'min_child_weight': 3.342606310097132, 'subsample': 0.7821575056832242, 'colsample_bytree': 0.7199671821704673, 'reg_alpha': 0.9394008801148026, 'reg_lambda': 0.09901967052454855, 'gamma': 2.971262183207985, 'max_bin': 320}. Best is trial 6 with value: 9.112022980987652.
daycon-xgb-gpu  | [I 2026-04-15 14:22:27,182] Trial 12 finished with value: 9.115275598739467 and parameters: {'n_estimators': 3750, 'learning_rate': 0.022742969598643133, 'max_depth': 7, 'min_child_weight': 3.4224428647521767, 'subsample': 0.7819089490117411, 'colsample_bytree': 0.7212445175015963, 'reg_alpha': 0.03556346292445122, 'reg_lambda': 0.02166406119626888, 'gamma': 2.9763050941101024, 'max_bin': 320}. Best is trial 6 with value: 9.112022980987652.
daycon-xgb-gpu  | [I 2026-04-15 14:23:05,629] Trial 13 finished with value: 9.113409500625833 and parameters: {'n_estimators': 3500, 'learning_rate': 0.015211102770802785, 'max_depth': 7, 'min_child_weight': 2.561024130457842, 'subsample': 0.8281147163618453, 'colsample_bytree': 0.7052207010491606, 'reg_alpha': 0.8462993604132832, 'reg_lambda': 0.008948504352124069, 'gamma': 2.9882377657333623, 'max_bin': 320}. Best is trial 6 with value: 9.112022980987652.
daycon-xgb-gpu  | [I 2026-04-15 14:23:39,321] Trial 14 finished with value: 9.112749633955904 and parameters: {'n_estimators': 3250, 'learning_rate': 0.015386422044696367, 'max_depth': 7, 'min_child_weight': 2.328219527698474, 'subsample': 0.8327414832216871, 'colsample_bytree': 0.6590777882533895, 'reg_alpha': 0.12571962405465825, 'reg_lambda': 0.0076033349700318645, 'gamma': 2.57520945927188, 'max_bin': 256}. Best is trial 6 with value: 9.112022980987652.
daycon-xgb-gpu  | [I 2026-04-15 14:24:12,901] Trial 15 finished with value: 9.1125194418607 and parameters: {'n_estimators': 3000, 'learning_rate': 0.015774659355216963, 'max_depth': 7, 'min_child_weight': 2.157035817985756, 'subsample': 0.8463317233476624, 'colsample_bytree': 0.6531370349725106, 'reg_alpha': 0.20766244840873518, 'reg_lambda': 0.006602512387304761, 'gamma': 2.021957419406054, 'max_bin': 256}. Best is trial 6 with value: 9.112022980987652.
daycon-xgb-gpu  | [I 2026-04-15 14:24:45,841] Trial 16 finished with value: 9.119262703210392 and parameters: {'n_estimators': 3000, 'learning_rate': 0.020947366983038035, 'max_depth': 8, 'min_child_weight': 2.0537804935027597, 'subsample': 0.8503161870682808, 'colsample_bytree': 0.7438017956788638, 'reg_alpha': 0.07104888318011485, 'reg_lambda': 0.0003626529476421643, 'gamma': 3.473707644392695, 'max_bin': 256}. Best is trial 6 with value: 9.112022980987652.
daycon-xgb-gpu  | [I 2026-04-15 14:25:08,501] Trial 17 finished with value: 9.11725295612041 and parameters: {'n_estimators': 4000, 'learning_rate': 0.02670002782077178, 'max_depth': 7, 'min_child_weight': 5.219967016510719, 'subsample': 0.8491444456718237, 'colsample_bytree': 0.6506057282189057, 'reg_alpha': 0.3342503542188434, 'reg_lambda': 0.0042089652261525735, 'gamma': 2.015481072737166, 'max_bin': 256}. Best is trial 6 with value: 9.112022980987652.
daycon-xgb-gpu  | [I 2026-04-15 14:25:48,527] Trial 18 finished with value: 9.11059785648671 and parameters: {'n_estimators': 3500, 'learning_rate': 0.01742367781035477, 'max_depth': 8, 'min_child_weight': 2.770195633974756, 'subsample': 0.8735399583354966, 'colsample_bytree': 0.6927440053114822, 'reg_alpha': 0.01460665724043052, 'reg_lambda': 0.024263631940682706, 'gamma': 6.351059198460179, 'max_bin': 320}. Best is trial 18 with value: 9.11059785648671.
daycon-xgb-gpu  | [I 2026-04-15 14:26:27,594] Trial 19 finished with value: 9.112914057424184 and parameters: {'n_estimators': 4000, 'learning_rate': 0.020269027072750228, 'max_depth': 8, 'min_child_weight': 2.8175146468002104, 'subsample': 0.8997270067572798, 'colsample_bytree': 0.6926851903034901, 'reg_alpha': 0.017868077854902405, 'reg_lambda': 0.03108634868900225, 'gamma': 6.472292532723689, 'max_bin': 320}. Best is trial 18 with value: 9.11059785648671.
daycon-xgb-gpu  | [I 2026-04-15 14:27:06,895] Trial 20 finished with value: 9.110453568615492 and parameters: {'n_estimators': 3500, 'learning_rate': 0.017790743116408075, 'max_depth': 8, 'min_child_weight': 3.878571995899698, 'subsample': 0.8820740559169563, 'colsample_bytree': 0.740834601443658, 'reg_alpha': 0.003031799706306591, 'reg_lambda': 0.00017100379199419774, 'gamma': 5.388983360604507, 'max_bin': 320}. Best is trial 20 with value: 9.110453568615492.
daycon-xgb-gpu  | [I 2026-04-15 14:27:49,490] Trial 21 finished with value: 9.116240549351208 and parameters: {'n_estimators': 3500, 'learning_rate': 0.017190792392294103, 'max_depth': 8, 'min_child_weight': 4.08366861008553, 'subsample': 0.8823193422053097, 'colsample_bytree': 0.7416152329505267, 'reg_alpha': 0.003616562737561647, 'reg_lambda': 0.00013372501428914556, 'gamma': 5.447312687496807, 'max_bin': 320}. Best is trial 20 with value: 9.110453568615492.
daycon-xgb-gpu  | [I 2026-04-15 14:28:31,652] Trial 22 finished with value: 9.114286482005147 and parameters: {'n_estimators': 3500, 'learning_rate': 0.016907311673170115, 'max_depth': 8, 'min_child_weight': 3.7679814217895635, 'subsample': 0.8787408437187255, 'colsample_bytree': 0.734613464821624, 'reg_alpha': 0.0033869929775781475, 'reg_lambda': 0.0001688899666312783, 'gamma': 5.729416547418137, 'max_bin': 320}. Best is trial 20 with value: 9.110453568615492.
daycon-xgb-gpu  | [I 2026-04-15 14:29:18,478] Trial 23 finished with value: 9.102160647760673 and parameters: {'n_estimators': 3500, 'learning_rate': 0.020049658860679432, 'max_depth': 8, 'min_child_weight': 2.910273799298419, 'subsample': 0.8624739926791745, 'colsample_bytree': 0.7074264853378106, 'reg_alpha': 0.0010226586925919353, 'reg_lambda': 0.02059965103500653, 'gamma': 6.1547175299054615, 'max_bin': 320}. Best is trial 23 with value: 9.102160647760673.
daycon-xgb-gpu  | [I 2026-04-15 14:29:51,870] Trial 24 finished with value: 9.116706648169858 and parameters: {'n_estimators': 3500, 'learning_rate': 0.024349929035232, 'max_depth': 8, 'min_child_weight': 2.90808393232115, 'subsample': 0.8634884173801922, 'colsample_bytree': 0.7078405107457512, 'reg_alpha': 0.001164160905611919, 'reg_lambda': 0.002512648894640505, 'gamma': 6.429384507205428, 'max_bin': 256}. Best is trial 23 with value: 9.102160647760673.
daycon-xgb-gpu  | [I 2026-04-15 14:30:28,979] Trial 25 finished with value: 9.114077762751927 and parameters: {'n_estimators': 3250, 'learning_rate': 0.019566926776267698, 'max_depth': 8, 'min_child_weight': 5.207085047269215, 'subsample': 0.882838210354488, 'colsample_bytree': 0.6875292558454152, 'reg_alpha': 0.017002844716115052, 'reg_lambda': 0.04679289215333466, 'gamma': 6.047767306044051, 'max_bin': 320}. Best is trial 23 with value: 9.102160647760673.
daycon-xgb-gpu  | [I 2026-04-15 14:31:05,263] Trial 26 finished with value: 9.11236547829922 and parameters: {'n_estimators': 3500, 'learning_rate': 0.016997487254328824, 'max_depth': 8, 'min_child_weight': 2.450926295414426, 'subsample': 0.8609051939814594, 'colsample_bytree': 0.7129455816603691, 'reg_alpha': 0.006095267991087885, 'reg_lambda': 5.129278614220911e-05, 'gamma': 5.258206917378928, 'max_bin': 320}. Best is trial 23 with value: 9.102160647760673.
daycon-xgb-gpu  | [I 2026-04-15 14:31:28,404] Trial 27 finished with value: 9.1223108813716 and parameters: {'n_estimators': 4250, 'learning_rate': 0.030422570518237234, 'max_depth': 8, 'min_child_weight': 2.9856366277074744, 'subsample': 0.8887846352258958, 'colsample_bytree': 0.6808628768573426, 'reg_alpha': 0.0010053129794281657, 'reg_lambda': 0.00042893367085431784, 'gamma': 6.018908653417489, 'max_bin': 256}. Best is trial 23 with value: 9.102160647760673.
daycon-xgb-gpu  | [I 2026-04-15 14:32:00,271] Trial 28 finished with value: 9.116830595145949 and parameters: {'n_estimators': 4000, 'learning_rate': 0.02141490458215525, 'max_depth': 8, 'min_child_weight': 3.757422526051552, 'subsample': 0.8686920952200222, 'colsample_bytree': 0.6992591464344942, 'reg_alpha': 0.0023406044439173105, 'reg_lambda': 0.013676395094110939, 'gamma': 5.662689286120776, 'max_bin': 320}. Best is trial 23 with value: 9.102160647760673.
daycon-xgb-gpu  | [I 2026-04-15 14:32:25,679] Trial 29 finished with value: 9.116729728926664 and parameters: {'n_estimators': 3250, 'learning_rate': 0.02563759438801011, 'max_depth': 8, 'min_child_weight': 4.9332001257021645, 'subsample': 0.8756232992728915, 'colsample_bytree': 0.6707093222650707, 'reg_alpha': 0.001664459184101075, 'reg_lambda': 0.00015594834043457977, 'gamma': 5.078545945994746, 'max_bin': 256}. Best is trial 23 with value: 9.102160647760673.
daycon-xgb-gpu  | [I 2026-04-15 14:32:41,990] Trial 30 finished with value: 9.120636027434392 and parameters: {'n_estimators': 3500, 'learning_rate': 0.041190526763997, 'max_depth': 7, 'min_child_weight': 4.589578078400436, 'subsample': 0.8586496735582326, 'colsample_bytree': 0.6641896382774254, 'reg_alpha': 0.017841478255206645, 'reg_lambda': 0.03165324014514049, 'gamma': 6.192359143410532, 'max_bin': 320}. Best is trial 23 with value: 9.102160647760673.
daycon-xgb-gpu  | [I 2026-04-15 14:33:16,568] Trial 31 finished with value: 9.115298629275937 and parameters: {'n_estimators': 3750, 'learning_rate': 0.01890583659196236, 'max_depth': 8, 'min_child_weight': 3.082232608674077, 'subsample': 0.888268939209471, 'colsample_bytree': 0.7329947633312885, 'reg_alpha': 0.002507958786694357, 'reg_lambda': 0.017457827808387838, 'gamma': 5.682223057076605, 'max_bin': 320}. Best is trial 23 with value: 9.102160647760673.
daycon-xgb-gpu  | [I 2026-04-15 14:33:53,518] Trial 32 finished with value: 9.12003669018 and parameters: {'n_estimators': 3750, 'learning_rate': 0.021328476774081954, 'max_depth': 8, 'min_child_weight': 3.5817558484869427, 'subsample': 0.825359115145219, 'colsample_bytree': 0.7532752569770128, 'reg_alpha': 0.004674826608324578, 'reg_lambda': 0.04771826466187618, 'gamma': 4.068213071311612, 'max_bin': 320}. Best is trial 23 with value: 9.102160647760673.
daycon-xgb-gpu  | [I 2026-04-15 14:34:34,451] Trial 33 finished with value: 9.10675654708756 and parameters: {'n_estimators': 3750, 'learning_rate': 0.016153392659485066, 'max_depth': 8, 'min_child_weight': 2.6891842455518424, 'subsample': 0.7944411597444274, 'colsample_bytree': 0.7128371996363627, 'reg_alpha': 0.011692758780381961, 'reg_lambda': 0.0020656975187705443, 'gamma': 4.8005224646475275, 'max_bin': 320}. Best is trial 23 with value: 9.102160647760673.
daycon-xgb-gpu  | [I 2026-04-15 14:35:12,693] Trial 34 finished with value: 9.112888951740945 and parameters: {'n_estimators': 3500, 'learning_rate': 0.016528511552296177, 'max_depth': 8, 'min_child_weight': 2.6796071399086476, 'subsample': 0.8006819258265524, 'colsample_bytree': 0.6923285832957661, 'reg_alpha': 0.00916711704005568, 'reg_lambda': 1.012597820390665e-05, 'gamma': 4.8029137537456945, 'max_bin': 256}. Best is trial 23 with value: 9.102160647760673.
daycon-xgb-gpu  | [I 2026-04-15 14:35:47,787] Trial 35 finished with value: 9.115218418801753 and parameters: {'n_estimators': 4000, 'learning_rate': 0.01803811380352931, 'max_depth': 8, 'min_child_weight': 2.398185953481524, 'subsample': 0.8389795863440073, 'colsample_bytree': 0.7131608530377305, 'reg_alpha': 0.012230885389513668, 'reg_lambda': 0.0017503534400091366, 'gamma': 4.566123230676688, 'max_bin': 320}. Best is trial 23 with value: 9.102160647760673.
