docker compose up --build
w Enable Watch   d Detach
[+] Building 1.7s (15/15) FINISHED                                                               
 => [internal] load local bake definitions                                                  0.0s
 => => reading from stdin 507B                                                              0.0s
 => [internal] load build definition from dockerfile                                        0.0s
 => => transferring dockerfile: 698B                                                        0.0s
 => [internal] load metadata for nvcr.io/nvidia/cuda:12.8.1-runtime-ubuntu24.04             1.2s
 => [internal] load .dockerignore                                                           0.0s
 => => transferring context: 2B                                                             0.0s
 => [1/8] FROM nvcr.io/nvidia/cuda:12.8.1-runtime-ubuntu24.04@sha256:ebef3c171eeef0298e4eb  0.0s
 => [internal] load build context                                                           0.0s
 => => transferring context: 1.54MB                                                         0.0s
 => CACHED [2/8] WORKDIR /workspace                                                         0.0s
 => CACHED [3/8] RUN apt-get update && apt-get install -y --no-install-recommends     pyth  0.0s
 => CACHED [4/8] RUN python3 -m venv /opt/venv                                              0.0s
 => CACHED [5/8] RUN pip install --upgrade pip setuptools wheel                             0.0s
 => CACHED [6/8] COPY requirements.txt /tmp/requirements.txt                                0.0s
 => CACHED [7/8] RUN pip install --no-cache-dir -r /tmp/requirements.txt                    0.0s
 => [8/8] COPY . /workspace                                                                 0.1s
 => exporting to image                                                                      0.3s
 => => exporting layers                                                                     0.2s
 => => writing image sha256:d7f65f04ac96e0f82fe4016c38b4be9671cbfc7c44967cd1bbed43b7bc9cae  0.0s
 => => naming to docker.io/library/daycon-xgb-gpu                                           0.0s
 => resolving provenance for metadata file                                                  0.0s
WARN[0001] Found orphan containers ([daycon-lgbm-gpu]) for this project. If you removed or renamed this service in your compose file, you can run this command with the --remove-orphans flag to clean it up. 
[+] up 2/2
 ✔ Image daycon-xgb-gpu     Built                                                           1.8s 
 ✔ Container daycon-xgb-gpu Recreated                                                       0.1s 
Attaching to daycon-xgb-gpu
daycon-xgb-gpu  | 
daycon-xgb-gpu  | ==========
daycon-xgb-gpu  | == CUDA ==
daycon-xgb-gpu  | ==========
daycon-xgb-gpu  | 
daycon-xgb-gpu  | CUDA Version 12.8.1
daycon-xgb-gpu  | 
daycon-xgb-gpu  | Container image Copyright (c) 2016-2023, NVIDIA CORPORATION & AFFILIATES. All rights reserved.
daycon-xgb-gpu  | 
daycon-xgb-gpu  | This container image and its contents are governed by the NVIDIA Deep Learning Container License.
daycon-xgb-gpu  | By pulling and using the container, you accept the terms and conditions of this license:
daycon-xgb-gpu  | https://developer.nvidia.com/ngc/nvidia-deep-learning-container-license
daycon-xgb-gpu  | 
daycon-xgb-gpu  | A copy of this license is made available in this container at /NGC-DL-CONTAINER-LICENSE for your convenience.
daycon-xgb-gpu  | 
daycon-xgb-gpu  | train shape: (250000, 94)
daycon-xgb-gpu  | test shape : (50000, 93)
daycon-xgb-gpu  | layout shape: (300, 15)
daycon-xgb-gpu  | after merge - train: (250000, 108)
daycon-xgb-gpu  | after merge - test : (50000, 107)
daycon-xgb-gpu  | after feature engineering - train: (250000, 142)
daycon-xgb-gpu  | after feature engineering - test : (50000, 141)
daycon-xgb-gpu  | derived feature mode: lite
daycon-xgb-gpu  | kept derived features (18): ['charging_ratio', 'layout_x_density', 'idle_ratio', 'intersection_x_congestion', 'order_per_pack_station', 'charging_pressure', 'dispersion_x_density', 'order_per_active_robot', 'active_ratio', 'battery_x_congestion', 'charging_x_congestion', 'charging_x_orders', 'idle_x_density', 'idle_per_pack', 'active_per_pack', 'orders_per_congestion', 'log_order_inflow', 'log_robot_total']
daycon-xgb-gpu  | dropped derived features (16): ['utilization_gap', 'congestion_x_density', 'collision_x_density', 'blocked_x_congestion', 'blocked_x_collision', 'fault_x_congestion', 'fault_x_density', 'order_per_robot', 'sku_per_order', 'battery_risk_score', 'trip_x_recovery', 'idle_minus_active', 'idle_plus_charging', 'active_x_density', 'charging_per_pack', 'log_pack_station_count']
daycon-xgb-gpu  | num features: 124
daycon-xgb-gpu  | encoded categorical columns: ['layout_id', 'scenario_id', 'layout_type']
daycon-xgb-gpu  |    layout_id  scenario_id  layout_type
daycon-xgb-gpu  | 0          0            0            0
daycon-xgb-gpu  | 1          0            0            0
daycon-xgb-gpu  | 2          0            0            0
daycon-xgb-gpu  | 3          0            0            0
daycon-xgb-gpu  | 4          0            0            0
daycon-xgb-gpu  | 
daycon-xgb-gpu  | ==============================
daycon-xgb-gpu  | Optuna tuning start
daycon-xgb-gpu  | ==============================
daycon-xgb-gpu  | [I 2026-04-16 02:28:58,896] A new study created in memory with name: xgb_groupkfold_mae_weighted_raw_target
daycon-xgb-gpu  | [I 2026-04-16 02:29:10,227] Trial 0 finished with value: 9.105139925273692 and parameters: {'n_estimators': 3750, 'learning_rate': 0.047119379497769384, 'max_depth': 7, 'min_child_weight': 7.721340034517323, 'subsample': 0.8356018640442436, 'colsample_bytree': 0.6987193424403444, 'reg_alpha': 0.0014936568554617625, 'reg_lambda': 0.029154431891537533, 'gamma': 6.603902541101231, 'max_bin': 256}. Best is trial 0 with value: 9.105139925273692.
daycon-xgb-gpu  | [I 2026-04-16 02:29:20,523] Trial 1 finished with value: 9.114727866127504 and parameters: {'n_estimators': 3000, 'learning_rate': 0.04822103254591565, 'max_depth': 7, 'min_child_weight': 5.050931680585471, 'subsample': 0.83818249672071, 'colsample_bytree': 0.7020085411824121, 'reg_alpha': 0.008179499475211672, 'reg_lambda': 0.0012561043700013551, 'gamma': 6.0118075652474054, 'max_bin': 192}. Best is trial 0 with value: 9.105139925273692.
daycon-xgb-gpu  | [I 2026-04-16 02:29:42,599] Trial 2 finished with value: 9.130446912530749 and parameters: {'n_estimators': 4250, 'learning_rate': 0.017743105460380697, 'max_depth': 5, 'min_child_weight': 5.9821736244087695, 'subsample': 0.8656069984217036, 'colsample_bytree': 0.7742211153671616, 'reg_alpha': 0.00397211072738191, 'reg_lambda': 0.0011400863701127321, 'gamma': 6.573450991017149, 'max_bin': 128}. Best is trial 0 with value: 9.105139925273692.
daycon-xgb-gpu  | [I 2026-04-16 02:30:01,056] Trial 3 finished with value: 9.132433506569205 and parameters: {'n_estimators': 4250, 'learning_rate': 0.018418518680359416, 'max_depth': 5, 'min_child_weight': 11.34471132622279, 'subsample': 0.916563203307456, 'colsample_bytree': 0.7770076817739754, 'reg_alpha': 0.008200518402245833, 'reg_lambda': 2.458603276328006e-05, 'gamma': 6.894815592792549, 'max_bin': 192}. Best is trial 0 with value: 9.105139925273692.
daycon-xgb-gpu  | [I 2026-04-16 02:30:15,867] Trial 4 finished with value: 9.132656922576952 and parameters: {'n_estimators': 3250, 'learning_rate': 0.027227561050620564, 'max_depth': 5, 'min_child_weight': 10.862157169580506, 'subsample': 0.8458779981600016, 'colsample_bytree': 0.7595026741224778, 'reg_alpha': 0.00861257919259488, 'reg_lambda': 0.0012030178871154666, 'gamma': 6.4134859777014785, 'max_bin': 128}. Best is trial 0 with value: 9.105139925273692.
daycon-xgb-gpu  | [I 2026-04-16 02:30:27,784] Trial 5 finished with value: 9.103947386076388 and parameters: {'n_estimators': 5000, 'learning_rate': 0.03814097029383143, 'max_depth': 7, 'min_child_weight': 10.690576842608056, 'subsample': 0.8797899978811086, 'colsample_bytree': 0.7906249082027741, 'reg_alpha': 0.0018427970406864537, 'reg_lambda': 6.080390190296599e-05, 'gamma': 4.658295511186883, 'max_bin': 192}. Best is trial 5 with value: 9.103947386076388.
daycon-xgb-gpu  | [I 2026-04-16 02:30:47,278] Trial 6 finished with value: 9.095382317973895 and parameters: {'n_estimators': 3750, 'learning_rate': 0.020795717078930326, 'max_depth': 7, 'min_child_weight': 5.9193577204844585, 'subsample': 0.848093450968738, 'colsample_bytree': 0.7451235299789899, 'reg_alpha': 0.0026471141828218157, 'reg_lambda': 0.016172900811143146, 'gamma': 4.760927252879198, 'max_bin': 320}. Best is trial 6 with value: 9.095382317973895.
daycon-xgb-gpu  | [I 2026-04-16 02:31:03,938] Trial 7 finished with value: 9.133794691708221 and parameters: {'n_estimators': 4500, 'learning_rate': 0.019054408220657817, 'max_depth': 5, 'min_child_weight': 9.79792185282399, 'subsample': 0.8906857343847617, 'colsample_bytree': 0.7674808601649186, 'reg_alpha': 0.20597335357437188, 'reg_lambda': 1.97778285124627e-05, 'gamma': 5.754630049904954, 'max_bin': 128}. Best is trial 6 with value: 9.095382317973895.
daycon-xgb-gpu  | [I 2026-04-16 02:31:16,945] Trial 8 finished with value: 9.140085673280604 and parameters: {'n_estimators': 4750, 'learning_rate': 0.031768784709818566, 'max_depth': 5, 'min_child_weight': 4.289286258513985, 'subsample': 0.8510982321715662, 'colsample_bytree': 0.7190219986432097, 'reg_alpha': 0.15446089075047073, 'reg_lambda': 0.003550012525851159, 'gamma': 7.6052445990171424, 'max_bin': 192}. Best is trial 6 with value: 9.095382317973895.
daycon-xgb-gpu  | [I 2026-04-16 02:31:28,352] Trial 9 finished with value: 9.103302191067035 and parameters: {'n_estimators': 3250, 'learning_rate': 0.035402326125680936, 'max_depth': 7, 'min_child_weight': 7.410666547702084, 'subsample': 0.8970967179954561, 'colsample_bytree': 0.739255471563727, 'reg_alpha': 0.03699972431463808, 'reg_lambda': 0.0005130551760589835, 'gamma': 4.588966943604333, 'max_bin': 128}. Best is trial 6 with value: 9.095382317973895.
daycon-xgb-gpu  | [I 2026-04-16 02:31:45,251] Trial 10 finished with value: 9.10600724931633 and parameters: {'n_estimators': 3750, 'learning_rate': 0.023242172956514397, 'max_depth': 6, 'min_child_weight': 5.855310415181217, 'subsample': 0.8222130875189808, 'colsample_bytree': 0.7404665414213143, 'reg_alpha': 0.7573772188483915, 'reg_lambda': 0.07795612091139291, 'gamma': 5.235867732522905, 'max_bin': 320}. Best is trial 6 with value: 9.095382317973895.
daycon-xgb-gpu  | [I 2026-04-16 02:32:00,805] Trial 11 finished with value: 9.110237945286231 and parameters: {'n_estimators': 3500, 'learning_rate': 0.024491793704330248, 'max_depth': 6, 'min_child_weight': 7.689386372046627, 'subsample': 0.9046288945630644, 'colsample_bytree': 0.7359737457363739, 'reg_alpha': 0.039147769912909455, 'reg_lambda': 0.008926564874970564, 'gamma': 4.527296037851198, 'max_bin': 320}. Best is trial 6 with value: 9.095382317973895.
daycon-xgb-gpu  | [I 2026-04-16 02:32:13,128] Trial 12 finished with value: 9.103513656630208 and parameters: {'n_estimators': 3000, 'learning_rate': 0.03440608768944383, 'max_depth': 7, 'min_child_weight': 6.832709770290051, 'subsample': 0.8632970792178147, 'colsample_bytree': 0.7369956140012771, 'reg_alpha': 0.03605263455086315, 'reg_lambda': 0.00014081444738112432, 'gamma': 5.180142759428671, 'max_bin': 256}. Best is trial 6 with value: 9.095382317973895.
daycon-xgb-gpu  | [I 2026-04-16 02:32:29,810] Trial 13 finished with value: 9.10404949572008 and parameters: {'n_estimators': 3750, 'learning_rate': 0.02186733359397612, 'max_depth': 6, 'min_child_weight': 8.592860262868038, 'subsample': 0.88882295119502, 'colsample_bytree': 0.7496690905488416, 'reg_alpha': 0.1315336640280177, 'reg_lambda': 0.0002377736004578234, 'gamma': 5.148409087844295, 'max_bin': 256}. Best is trial 6 with value: 9.095382317973895.
daycon-xgb-gpu  | [I 2026-04-16 02:32:51,129] Trial 14 finished with value: 9.092987160367494 and parameters: {'n_estimators': 3500, 'learning_rate': 0.01566892406770764, 'max_depth': 7, 'min_child_weight': 6.1583491339681595, 'subsample': 0.9020472253186692, 'colsample_bytree': 0.7211019184203928, 'reg_alpha': 0.017749119521021508, 'reg_lambda': 0.00567882324237531, 'gamma': 4.929055983370959, 'max_bin': 320}. Best is trial 14 with value: 9.092987160367494.
daycon-xgb-gpu  | [I 2026-04-16 02:33:13,654] Trial 15 finished with value: 9.097289730313149 and parameters: {'n_estimators': 4000, 'learning_rate': 0.015811104547890347, 'max_depth': 7, 'min_child_weight': 5.201195624403687, 'subsample': 0.875276436123052, 'colsample_bytree': 0.6825096279780085, 'reg_alpha': 0.0010186056794855912, 'reg_lambda': 0.00994714868196856, 'gamma': 5.582331543409648, 'max_bin': 320}. Best is trial 14 with value: 9.092987160367494.
daycon-xgb-gpu  | [I 2026-04-16 02:33:35,405] Trial 16 finished with value: 9.105639301109921 and parameters: {'n_estimators': 3500, 'learning_rate': 0.015499707745794993, 'max_depth': 6, 'min_child_weight': 4.100473392523368, 'subsample': 0.907062800115194, 'colsample_bytree': 0.721024309035014, 'reg_alpha': 0.015590586709864955, 'reg_lambda': 0.005762696753783581, 'gamma': 4.980538906065056, 'max_bin': 320}. Best is trial 14 with value: 9.092987160367494.
daycon-xgb-gpu  | [I 2026-04-16 02:33:51,851] Trial 17 finished with value: 9.09419589366251 and parameters: {'n_estimators': 4000, 'learning_rate': 0.020606604178366524, 'max_depth': 7, 'min_child_weight': 6.3193680107880805, 'subsample': 0.8576995970766378, 'colsample_bytree': 0.7211815685356915, 'reg_alpha': 0.0032693868825838905, 'reg_lambda': 0.03743849290078215, 'gamma': 5.660570134765993, 'max_bin': 256}. Best is trial 14 with value: 9.092987160367494.
daycon-xgb-gpu  | [I 2026-04-16 02:34:11,008] Trial 18 finished with value: 9.106981672290699 and parameters: {'n_estimators': 4250, 'learning_rate': 0.015106457101383596, 'max_depth': 6, 'min_child_weight': 4.9071008580527335, 'subsample': 0.91912771961436, 'colsample_bytree': 0.71634267773015, 'reg_alpha': 0.0045314314561256275, 'reg_lambda': 0.06906891471082972, 'gamma': 5.541972881683126, 'max_bin': 256}. Best is trial 14 with value: 9.092987160367494.
daycon-xgb-gpu  | [I 2026-04-16 02:34:29,999] Trial 19 finished with value: 9.094601391512338 and parameters: {'n_estimators': 4000, 'learning_rate': 0.017453507235876735, 'max_depth': 7, 'min_child_weight': 6.623360782371366, 'subsample': 0.8604168754236162, 'colsample_bytree': 0.7030448644126792, 'reg_alpha': 0.08240485005018659, 'reg_lambda': 0.03108634868900225, 'gamma': 6.0623956698705985, 'max_bin': 256}. Best is trial 14 with value: 9.092987160367494.
daycon-xgb-gpu  | [I 2026-04-16 02:34:46,823] Trial 20 finished with value: 9.092127809829393 and parameters: {'n_estimators': 3500, 'learning_rate': 0.026423500290821293, 'max_depth': 7, 'min_child_weight': 8.633406719529686, 'subsample': 0.8864374136544971, 'colsample_bytree': 0.6820149147226433, 'reg_alpha': 0.017912073399114225, 'reg_lambda': 0.0029695898353663927, 'gamma': 7.071723102626726, 'max_bin': 320}. Best is trial 20 with value: 9.092127809829393.
daycon-xgb-gpu  | [I 2026-04-16 02:35:02,289] Trial 21 finished with value: 9.098971613934236 and parameters: {'n_estimators': 3500, 'learning_rate': 0.02710357760980388, 'max_depth': 7, 'min_child_weight': 9.435148300220744, 'subsample': 0.8773762805566738, 'colsample_bytree': 0.6812546992298831, 'reg_alpha': 0.01752640358038118, 'reg_lambda': 0.0024786937774400617, 'gamma': 7.114806597938208, 'max_bin': 320}. Best is trial 20 with value: 9.092127809829393.
daycon-xgb-gpu  | [I 2026-04-16 02:35:20,813] Trial 22 finished with value: 9.095386973502759 and parameters: {'n_estimators': 3250, 'learning_rate': 0.020370881268584468, 'max_depth': 7, 'min_child_weight': 8.87258114249568, 'subsample': 0.8889059336350827, 'colsample_bytree': 0.6928778975932914, 'reg_alpha': 0.016403283773105168, 'reg_lambda': 0.02026478464620126, 'gamma': 7.887136378282556, 'max_bin': 320}. Best is trial 20 with value: 9.092127809829393.
daycon-xgb-gpu  | [I 2026-04-16 02:35:36,928] Trial 23 finished with value: 9.09688099769004 and parameters: {'n_estimators': 3500, 'learning_rate': 0.024822296666420877, 'max_depth': 7, 'min_child_weight': 6.3904919549244115, 'subsample': 0.9034489335320421, 'colsample_bytree': 0.7279532043837003, 'reg_alpha': 0.07114929884550457, 'reg_lambda': 0.0033498356003463176, 'gamma': 7.299224418294624, 'max_bin': 256}. Best is trial 20 with value: 9.092127809829393.
daycon-xgb-gpu  | [I 2026-04-16 02:35:48,874] Trial 24 finished with value: 9.113558159638737 and parameters: {'n_estimators': 4000, 'learning_rate': 0.030974531863068828, 'max_depth': 6, 'min_child_weight': 8.183284399409423, 'subsample': 0.8827148791717623, 'colsample_bytree': 0.7108272606565845, 'reg_alpha': 0.004687694990454149, 'reg_lambda': 0.04634005535126298, 'gamma': 5.920650858900952, 'max_bin': 320}. Best is trial 20 with value: 9.092127809829393.
daycon-xgb-gpu  | [I 2026-04-16 02:36:09,267] Trial 25 finished with value: 9.096283989651528 and parameters: {'n_estimators': 4500, 'learning_rate': 0.016752398079471795, 'max_depth': 7, 'min_child_weight': 5.571384262933479, 'subsample': 0.8696698345345775, 'colsample_bytree': 0.7282917941540006, 'reg_alpha': 0.02091497846648908, 'reg_lambda': 0.01055619076534496, 'gamma': 5.417847772958479, 'max_bin': 256}. Best is trial 20 with value: 9.092127809829393.
daycon-xgb-gpu  | [I 2026-04-16 02:36:27,753] Trial 26 finished with value: 9.11062093342468 and parameters: {'n_estimators': 3250, 'learning_rate': 0.019516368437240188, 'max_depth': 6, 'min_child_weight': 7.101941362857386, 'subsample': 0.8988118586434239, 'colsample_bytree': 0.6881242307995862, 'reg_alpha': 0.31282695545064076, 'reg_lambda': 0.0022892436462431734, 'gamma': 6.248718064036011, 'max_bin': 320}. Best is trial 20 with value: 9.092127809829393.
daycon-xgb-gpu  | [I 2026-04-16 02:36:43,780] Trial 27 finished with value: 9.095776093970667 and parameters: {'n_estimators': 3750, 'learning_rate': 0.022559438232131065, 'max_depth': 7, 'min_child_weight': 6.239395352733218, 'subsample': 0.9122536708745509, 'colsample_bytree': 0.7105364727038583, 'reg_alpha': 0.00943509120150027, 'reg_lambda': 0.0003836044618694923, 'gamma': 4.880376709415366, 'max_bin': 256}. Best is trial 20 with value: 9.092127809829393.
daycon-xgb-gpu  | [I 2026-04-16 02:36:58,916] Trial 28 finished with value: 9.1021951685222 and parameters: {'n_estimators': 3500, 'learning_rate': 0.029376402118709132, 'max_depth': 7, 'min_child_weight': 4.683918122161837, 'subsample': 0.8556570180253004, 'colsample_bytree': 0.7285134375783361, 'reg_alpha': 0.060006972887538, 'reg_lambda': 0.005768618952589858, 'gamma': 7.4443211516486585, 'max_bin': 320}. Best is trial 20 with value: 9.092127809829393.
daycon-xgb-gpu  | [I 2026-04-16 02:37:15,139] Trial 29 finished with value: 9.099038870604538 and parameters: {'n_estimators': 3000, 'learning_rate': 0.02563759438801011, 'max_depth': 7, 'min_child_weight': 7.826743562770231, 'subsample': 0.8957189671010557, 'colsample_bytree': 0.6989575847615468, 'reg_alpha': 0.0021401394624459137, 'reg_lambda': 0.02984611730187768, 'gamma': 6.830049593863689, 'max_bin': 256}. Best is trial 20 with value: 9.092127809829393.
daycon-xgb-gpu  | [I 2026-04-16 02:37:26,082] Trial 30 finished with value: 9.113368506452764 and parameters: {'n_estimators': 4000, 'learning_rate': 0.041190526763997024, 'max_depth': 6, 'min_child_weight': 7.056513418993013, 'subsample': 0.8216195344119939, 'colsample_bytree': 0.6913517106219403, 'reg_alpha': 0.0010531904786779485, 'reg_lambda': 0.01712412890657909, 'gamma': 7.95039479875367, 'max_bin': 320}. Best is trial 20 with value: 9.092127809829393.
daycon-xgb-gpu  | [I 2026-04-16 02:37:45,427] Trial 31 finished with value: 9.094321718255205 and parameters: {'n_estimators': 4000, 'learning_rate': 0.016629257756486902, 'max_depth': 7, 'min_child_weight': 6.581523400466308, 'subsample': 0.8570318042917251, 'colsample_bytree': 0.701191535084063, 'reg_alpha': 0.0719990191282523, 'reg_lambda': 0.03686924824257186, 'gamma': 6.230395932814642, 'max_bin': 256}. Best is trial 20 with value: 9.092127809829393.
daycon-xgb-gpu  | [I 2026-04-16 02:38:05,496] Trial 32 finished with value: 9.095321085288795 and parameters: {'n_estimators': 3750, 'learning_rate': 0.01632656879536604, 'max_depth': 7, 'min_child_weight': 5.4685040816521475, 'subsample': 0.8705072152697368, 'colsample_bytree': 0.7073216667093107, 'reg_alpha': 0.021969691874811053, 'reg_lambda': 0.04961448643318089, 'gamma': 6.340826789437317, 'max_bin': 256}. Best is trial 20 with value: 9.092127809829393.
daycon-xgb-gpu  | [I 2026-04-16 02:38:22,894] Trial 33 finished with value: 9.09864133956205 and parameters: {'n_estimators': 4250, 'learning_rate': 0.017378812456159125, 'max_depth': 7, 'min_child_weight': 6.5041965976291, 'subsample': 0.8364107106829368, 'colsample_bytree': 0.6978046150614262, 'reg_alpha': 0.012432164218519637, 'reg_lambda': 0.00679111795122787, 'gamma': 6.678184139170299, 'max_bin': 192}. Best is trial 20 with value: 9.092127809829393.
daycon-xgb-gpu  | [I 2026-04-16 02:38:43,279] Trial 34 finished with value: 9.094916522062741 and parameters: {'n_estimators': 4500, 'learning_rate': 0.01853217502363187, 'max_depth': 7, 'min_child_weight': 5.635089511836518, 'subsample': 0.8576149460100573, 'colsample_bytree': 0.7042105109927704, 'reg_alpha': 0.006180055857928227, 'reg_lambda': 0.033402202253724665, 'gamma': 5.817584838447173, 'max_bin': 256}. Best is trial 20 with value: 9.092127809829393.
